2024-07-25 00:06:53.6777 INFO  [6] KintaiAuto.Controllers.HomeController - ログイン情報読込 
2024-07-25 00:06:53.7581 INFO  [6] KintaiAuto.Controllers.HomeController - oyama.shota@alhinc.jp 
2024-07-25 00:06:56.7809 INFO  [6] KintaiAuto.Controllers.HomeController - 楽楽清算ログイン成功 
2024-07-25 00:06:56.9578 INFO  [6] KintaiAuto.Controllers.HomeController - 楽楽清算-一時保存 
2024-07-25 00:06:57.3715 INFO  [6] KintaiAuto.Controllers.HomeController - 楽楽清算-通勤費画面 
2024-07-25 00:06:59.2167 INFO  [6] KintaiAuto.Controllers.HomeController - 電車（国内） / 柚須 ＞ 博多 
2024-07-25 00:07:01.5655 INFO  [6] KintaiAuto.Controllers.HomeController - recoluログイン成功 
2024-07-25 00:07:02.1363 INFO  [6] KintaiAuto.Controllers.HomeController - 32 
2024-07-25 00:07:02.4238 INFO  [6] KintaiAuto.Controllers.HomeController - 2024/07/01 0:00:00 
2024-07-25 00:07:02.5372 INFO  [6] KintaiAuto.Controllers.HomeController - 2024/07/02 0:00:00 
2024-07-25 00:07:02.6398 INFO  [6] KintaiAuto.Controllers.HomeController - 2024/07/03 0:00:00 
2024-07-25 00:07:02.7432 INFO  [6] KintaiAuto.Controllers.HomeController - 2024/07/04 0:00:00 
2024-07-25 00:07:02.8453 INFO  [6] KintaiAuto.Controllers.HomeController - 2024/07/05 0:00:00 
2024-07-25 00:07:02.9553 INFO  [6] KintaiAuto.Controllers.HomeController - 2024/07/06 0:00:00 
2024-07-25 00:07:03.0239 INFO  [6] KintaiAuto.Controllers.HomeController - 2024/07/07 0:00:00 
2024-07-25 00:07:03.0952 INFO  [6] KintaiAuto.Controllers.HomeController - 2024/07/08 0:00:00 
2024-07-25 00:07:03.2012 INFO  [6] KintaiAuto.Controllers.HomeController - 2024/07/09 0:00:00 
2024-07-25 00:07:03.3056 INFO  [6] KintaiAuto.Controllers.HomeController - 2024/07/10 0:00:00 
2024-07-25 00:07:03.4112 INFO  [6] KintaiAuto.Controllers.HomeController - 2024/07/11 0:00:00 
2024-07-25 00:07:03.5145 INFO  [6] KintaiAuto.Controllers.HomeController - 2024/07/12 0:00:00 
2024-07-25 00:07:03.6204 INFO  [6] KintaiAuto.Controllers.HomeController - 2024/07/13 0:00:00 
2024-07-25 00:07:03.6879 INFO  [6] KintaiAuto.Controllers.HomeController - 2024/07/14 0:00:00 
2024-07-25 00:07:03.7559 INFO  [6] KintaiAuto.Controllers.HomeController - 2024/07/15 0:00:00 
2024-07-25 00:07:03.8253 INFO  [6] KintaiAuto.Controllers.HomeController - 2024/07/16 0:00:00 
2024-07-25 00:07:03.9287 INFO  [6] KintaiAuto.Controllers.HomeController - 2024/07/17 0:00:00 
2024-07-25 00:07:04.0319 INFO  [6] KintaiAuto.Controllers.HomeController - 2024/07/18 0:00:00 
2024-07-25 00:07:04.1352 INFO  [6] KintaiAuto.Controllers.HomeController - 2024/07/19 0:00:00 
2024-07-25 00:07:04.2497 INFO  [6] KintaiAuto.Controllers.HomeController - 2024/07/20 0:00:00 
2024-07-25 00:07:04.3185 INFO  [6] KintaiAuto.Controllers.HomeController - 2024/07/21 0:00:00 
2024-07-25 00:07:04.3880 INFO  [6] KintaiAuto.Controllers.HomeController - 2024/07/22 0:00:00 
2024-07-25 00:07:04.4946 INFO  [6] KintaiAuto.Controllers.HomeController - 2024/07/23 0:00:00 
2024-07-25 00:07:04.6060 INFO  [6] KintaiAuto.Controllers.HomeController - 2024/07/24 0:00:00 
2024-07-25 00:07:04.7258 INFO  [6] KintaiAuto.Controllers.HomeController - 2024/07/25 0:00:00 
2024-07-25 00:07:04.8353 INFO  [6] KintaiAuto.Controllers.HomeController - 2024/07/26 0:00:00 
2024-07-25 00:07:04.9096 INFO  [6] KintaiAuto.Controllers.HomeController - 2024/07/27 0:00:00 
2024-07-25 00:07:04.9803 INFO  [6] KintaiAuto.Controllers.HomeController - 2024/07/28 0:00:00 
2024-07-25 00:07:05.0518 INFO  [6] KintaiAuto.Controllers.HomeController - 2024/07/29 0:00:00 
2024-07-25 00:07:05.1238 INFO  [6] KintaiAuto.Controllers.HomeController - 2024/07/30 0:00:00 
2024-07-25 00:07:05.1934 INFO  [6] KintaiAuto.Controllers.HomeController - 2024/07/31 0:00:00 
2024-07-25 00:07:05.2872 INFO  [6] KintaiAuto.Controllers.HomeController - 31 
2024-07-25 00:07:19.1098 INFO  [7] KintaiAuto.Controllers.HomeController - 楽楽清算ログイン成功 
2024-07-25 00:07:19.2766 INFO  [7] KintaiAuto.Controllers.HomeController - 楽楽清算-一時保存 
2024-07-25 00:07:19.6559 INFO  [7] KintaiAuto.Controllers.HomeController - 楽楽清算-通勤費画面 
2024-07-25 00:19:03.2587 INFO  [9] KintaiAuto.Controllers.HomeController - ログイン情報読込 
2024-07-25 00:19:03.3182 INFO  [9] KintaiAuto.Controllers.HomeController - oyama.shota@alhinc.jp 
2024-07-25 00:19:06.2993 INFO  [9] KintaiAuto.Controllers.HomeController - 楽楽清算ログイン成功 
2024-07-25 00:19:06.4687 INFO  [9] KintaiAuto.Controllers.HomeController - 楽楽清算-一時保存 
2024-07-25 00:19:06.8758 INFO  [9] KintaiAuto.Controllers.HomeController - 楽楽清算-通勤費画面 
2024-07-25 00:19:08.8929 INFO  [9] KintaiAuto.Controllers.HomeController - 電車（国内） / 柚須 ＞ 博多 
2024-07-25 00:19:11.4121 INFO  [9] KintaiAuto.Controllers.HomeController - recoluログイン成功 
2024-07-25 00:19:11.9144 INFO  [9] KintaiAuto.Controllers.HomeController - 32 
2024-07-25 00:19:12.1998 INFO  [9] KintaiAuto.Controllers.HomeController - 2024/07/01 0:00:00 
2024-07-25 00:19:12.3093 INFO  [9] KintaiAuto.Controllers.HomeController - 2024/07/02 0:00:00 
2024-07-25 00:19:12.4148 INFO  [9] KintaiAuto.Controllers.HomeController - 2024/07/03 0:00:00 
2024-07-25 00:19:12.5211 INFO  [9] KintaiAuto.Controllers.HomeController - 2024/07/04 0:00:00 
2024-07-25 00:19:12.6245 INFO  [9] KintaiAuto.Controllers.HomeController - 2024/07/05 0:00:00 
2024-07-25 00:19:12.7356 INFO  [9] KintaiAuto.Controllers.HomeController - 2024/07/06 0:00:00 
2024-07-25 00:19:12.8059 INFO  [9] KintaiAuto.Controllers.HomeController - 2024/07/07 0:00:00 
2024-07-25 00:19:12.8743 INFO  [9] KintaiAuto.Controllers.HomeController - 2024/07/08 0:00:00 
2024-07-25 00:19:12.9835 INFO  [9] KintaiAuto.Controllers.HomeController - 2024/07/09 0:00:00 
2024-07-25 00:19:13.0942 INFO  [9] KintaiAuto.Controllers.HomeController - 2024/07/10 0:00:00 
2024-07-25 00:19:13.2002 INFO  [9] KintaiAuto.Controllers.HomeController - 2024/07/11 0:00:00 
2024-07-25 00:19:13.3048 INFO  [9] KintaiAuto.Controllers.HomeController - 2024/07/12 0:00:00 
2024-07-25 00:19:13.4114 INFO  [9] KintaiAuto.Controllers.HomeController - 2024/07/13 0:00:00 
2024-07-25 00:19:13.4812 INFO  [9] KintaiAuto.Controllers.HomeController - 2024/07/14 0:00:00 
2024-07-25 00:19:13.5518 INFO  [9] KintaiAuto.Controllers.HomeController - 2024/07/15 0:00:00 
2024-07-25 00:19:13.6244 INFO  [9] KintaiAuto.Controllers.HomeController - 2024/07/16 0:00:00 
2024-07-25 00:19:13.7339 INFO  [9] KintaiAuto.Controllers.HomeController - 2024/07/17 0:00:00 
2024-07-25 00:19:13.8428 INFO  [9] KintaiAuto.Controllers.HomeController - 2024/07/18 0:00:00 
2024-07-25 00:19:13.9624 INFO  [9] KintaiAuto.Controllers.HomeController - 2024/07/19 0:00:00 
2024-07-25 00:19:14.0803 INFO  [9] KintaiAuto.Controllers.HomeController - 2024/07/20 0:00:00 
2024-07-25 00:19:14.1573 INFO  [9] KintaiAuto.Controllers.HomeController - 2024/07/21 0:00:00 
2024-07-25 00:19:14.2324 INFO  [9] KintaiAuto.Controllers.HomeController - 2024/07/22 0:00:00 
2024-07-25 00:19:14.3456 INFO  [9] KintaiAuto.Controllers.HomeController - 2024/07/23 0:00:00 
2024-07-25 00:19:14.4646 INFO  [9] KintaiAuto.Controllers.HomeController - 2024/07/24 0:00:00 
2024-07-25 00:19:14.5748 INFO  [9] KintaiAuto.Controllers.HomeController - 2024/07/25 0:00:00 
2024-07-25 00:19:14.6932 INFO  [9] KintaiAuto.Controllers.HomeController - 2024/07/26 0:00:00 
2024-07-25 00:19:14.7715 INFO  [9] KintaiAuto.Controllers.HomeController - 2024/07/27 0:00:00 
2024-07-25 00:19:14.8553 INFO  [9] KintaiAuto.Controllers.HomeController - 2024/07/28 0:00:00 
2024-07-25 00:19:14.9348 INFO  [9] KintaiAuto.Controllers.HomeController - 2024/07/29 0:00:00 
2024-07-25 00:19:15.0122 INFO  [9] KintaiAuto.Controllers.HomeController - 2024/07/30 0:00:00 
2024-07-25 00:19:15.0885 INFO  [9] KintaiAuto.Controllers.HomeController - 2024/07/31 0:00:00 
2024-07-25 00:19:15.1832 INFO  [9] KintaiAuto.Controllers.HomeController - 31 
2024-07-25 00:19:26.0357 INFO  [8] KintaiAuto.Controllers.HomeController - 楽楽清算ログイン成功 
2024-07-25 00:19:26.1998 INFO  [8] KintaiAuto.Controllers.HomeController - 楽楽清算-一時保存 
2024-07-25 00:19:26.5576 INFO  [8] KintaiAuto.Controllers.HomeController - 楽楽清算-通勤費画面 
2024-07-25 00:22:49.9186 INFO  [9] KintaiAuto.Controllers.HomeController - ログイン情報読込 
2024-07-25 00:22:49.9793 INFO  [9] KintaiAuto.Controllers.HomeController - oyama.shota@alhinc.jp 
2024-07-25 00:22:52.8044 INFO  [9] KintaiAuto.Controllers.HomeController - 楽楽清算ログイン成功 
2024-07-25 00:22:52.9716 INFO  [9] KintaiAuto.Controllers.HomeController - 楽楽清算-一時保存 
2024-07-25 00:22:53.2814 INFO  [9] KintaiAuto.Controllers.HomeController - 楽楽清算-通勤費画面 
2024-07-25 00:25:53.3262 INFO  [9] KintaiAuto.Controllers.HomeController - ログイン情報読込 
2024-07-25 00:25:53.3829 INFO  [9] KintaiAuto.Controllers.HomeController - oyama.shota@alhinc.jp 
2024-07-25 00:25:56.6132 INFO  [9] KintaiAuto.Controllers.HomeController - 楽楽清算ログイン成功 
2024-07-25 00:25:56.7770 INFO  [9] KintaiAuto.Controllers.HomeController - 楽楽清算-一時保存 
2024-07-25 00:25:57.7929 INFO  [9] KintaiAuto.Controllers.HomeController - 楽楽清算-通勤費画面 
2024-07-25 00:25:59.6387 INFO  [9] KintaiAuto.Controllers.HomeController - 電車（国内） / 柚須 ＞ 博多 
2024-07-25 00:26:02.2822 INFO  [9] KintaiAuto.Controllers.HomeController - recoluログイン成功 
2024-07-25 00:26:02.7775 INFO  [9] KintaiAuto.Controllers.HomeController - 32 
2024-07-25 00:26:03.0633 INFO  [9] KintaiAuto.Controllers.HomeController - 2024/07/01 0:00:00 
2024-07-25 00:26:03.1716 INFO  [9] KintaiAuto.Controllers.HomeController - 2024/07/02 0:00:00 
2024-07-25 00:26:03.2788 INFO  [9] KintaiAuto.Controllers.HomeController - 2024/07/03 0:00:00 
2024-07-25 00:26:03.3820 INFO  [9] KintaiAuto.Controllers.HomeController - 2024/07/04 0:00:00 
2024-07-25 00:26:03.4874 INFO  [9] KintaiAuto.Controllers.HomeController - 2024/07/05 0:00:00 
2024-07-25 00:26:03.5964 INFO  [9] KintaiAuto.Controllers.HomeController - 2024/07/06 0:00:00 
2024-07-25 00:26:03.6660 INFO  [9] KintaiAuto.Controllers.HomeController - 2024/07/07 0:00:00 
2024-07-25 00:26:03.7322 INFO  [9] KintaiAuto.Controllers.HomeController - 2024/07/08 0:00:00 
2024-07-25 00:26:03.8376 INFO  [9] KintaiAuto.Controllers.HomeController - 2024/07/09 0:00:00 
2024-07-25 00:26:03.9425 INFO  [9] KintaiAuto.Controllers.HomeController - 2024/07/10 0:00:00 
2024-07-25 00:26:04.0520 INFO  [9] KintaiAuto.Controllers.HomeController - 2024/07/11 0:00:00 
2024-07-25 00:26:04.1529 INFO  [9] KintaiAuto.Controllers.HomeController - 2024/07/12 0:00:00 
2024-07-25 00:26:04.2564 INFO  [9] KintaiAuto.Controllers.HomeController - 2024/07/13 0:00:00 
2024-07-25 00:26:04.3259 INFO  [9] KintaiAuto.Controllers.HomeController - 2024/07/14 0:00:00 
2024-07-25 00:26:04.3942 INFO  [9] KintaiAuto.Controllers.HomeController - 2024/07/15 0:00:00 
2024-07-25 00:26:04.4627 INFO  [9] KintaiAuto.Controllers.HomeController - 2024/07/16 0:00:00 
2024-07-25 00:26:04.5680 INFO  [9] KintaiAuto.Controllers.HomeController - 2024/07/17 0:00:00 
2024-07-25 00:26:04.6735 INFO  [9] KintaiAuto.Controllers.HomeController - 2024/07/18 0:00:00 
2024-07-25 00:26:04.7811 INFO  [9] KintaiAuto.Controllers.HomeController - 2024/07/19 0:00:00 
2024-07-25 00:26:04.8915 INFO  [9] KintaiAuto.Controllers.HomeController - 2024/07/20 0:00:00 
2024-07-25 00:26:04.9692 INFO  [9] KintaiAuto.Controllers.HomeController - 2024/07/21 0:00:00 
2024-07-25 00:26:05.0463 INFO  [9] KintaiAuto.Controllers.HomeController - 2024/07/22 0:00:00 
2024-07-25 00:26:05.1629 INFO  [9] KintaiAuto.Controllers.HomeController - 2024/07/23 0:00:00 
2024-07-25 00:26:05.2683 INFO  [9] KintaiAuto.Controllers.HomeController - 2024/07/24 0:00:00 
2024-07-25 00:26:05.3790 INFO  [9] KintaiAuto.Controllers.HomeController - 2024/07/25 0:00:00 
2024-07-25 00:26:05.4841 INFO  [9] KintaiAuto.Controllers.HomeController - 2024/07/26 0:00:00 
2024-07-25 00:26:05.5572 INFO  [9] KintaiAuto.Controllers.HomeController - 2024/07/27 0:00:00 
2024-07-25 00:26:05.6290 INFO  [9] KintaiAuto.Controllers.HomeController - 2024/07/28 0:00:00 
2024-07-25 00:26:05.7012 INFO  [9] KintaiAuto.Controllers.HomeController - 2024/07/29 0:00:00 
2024-07-25 00:26:05.7739 INFO  [9] KintaiAuto.Controllers.HomeController - 2024/07/30 0:00:00 
2024-07-25 00:26:05.8448 INFO  [9] KintaiAuto.Controllers.HomeController - 2024/07/31 0:00:00 
2024-07-25 00:26:05.9381 INFO  [9] KintaiAuto.Controllers.HomeController - 31 
2024-07-25 00:26:16.0361 INFO  [8] KintaiAuto.Controllers.HomeController - 楽楽清算ログイン成功 
2024-07-25 00:26:16.2093 INFO  [8] KintaiAuto.Controllers.HomeController - 楽楽清算-一時保存 
2024-07-25 00:26:16.5681 INFO  [8] KintaiAuto.Controllers.HomeController - 楽楽清算-通勤費画面 
2024-07-25 00:27:42.3760 INFO  [6] KintaiAuto.Controllers.HomeController - ログイン情報読込 
2024-07-25 00:27:42.4353 INFO  [6] KintaiAuto.Controllers.HomeController - oyama.shota@alhinc.jp 
2024-07-25 00:27:45.3937 INFO  [6] KintaiAuto.Controllers.HomeController - 楽楽清算ログイン成功 
2024-07-25 00:27:45.5712 INFO  [6] KintaiAuto.Controllers.HomeController - 楽楽清算-一時保存 
2024-07-25 00:27:45.9189 INFO  [6] KintaiAuto.Controllers.HomeController - 楽楽清算-通勤費画面 
2024-07-25 00:27:47.7628 INFO  [6] KintaiAuto.Controllers.HomeController - 電車（国内） / 柚須 ＞ 博多 
2024-07-25 00:27:50.1481 INFO  [6] KintaiAuto.Controllers.HomeController - recoluログイン成功 
2024-07-25 00:27:50.6555 INFO  [6] KintaiAuto.Controllers.HomeController - 32 
2024-07-25 00:27:50.9458 INFO  [6] KintaiAuto.Controllers.HomeController - 2024/07/01 0:00:00 
2024-07-25 00:27:51.0583 INFO  [6] KintaiAuto.Controllers.HomeController - 2024/07/02 0:00:00 
2024-07-25 00:27:51.1680 INFO  [6] KintaiAuto.Controllers.HomeController - 2024/07/03 0:00:00 
2024-07-25 00:27:51.2849 INFO  [6] KintaiAuto.Controllers.HomeController - 2024/07/04 0:00:00 
2024-07-25 00:27:51.3993 INFO  [6] KintaiAuto.Controllers.HomeController - 2024/07/05 0:00:00 
2024-07-25 00:27:51.5148 INFO  [6] KintaiAuto.Controllers.HomeController - 2024/07/06 0:00:00 
2024-07-25 00:27:51.5846 INFO  [6] KintaiAuto.Controllers.HomeController - 2024/07/07 0:00:00 
2024-07-25 00:27:51.6547 INFO  [6] KintaiAuto.Controllers.HomeController - 2024/07/08 0:00:00 
2024-07-25 00:27:51.7575 INFO  [6] KintaiAuto.Controllers.HomeController - 2024/07/09 0:00:00 
2024-07-25 00:27:51.8633 INFO  [6] KintaiAuto.Controllers.HomeController - 2024/07/10 0:00:00 
2024-07-25 00:27:51.9730 INFO  [6] KintaiAuto.Controllers.HomeController - 2024/07/11 0:00:00 
2024-07-25 00:27:52.0914 INFO  [6] KintaiAuto.Controllers.HomeController - 2024/07/12 0:00:00 
2024-07-25 00:27:52.2014 INFO  [6] KintaiAuto.Controllers.HomeController - 2024/07/13 0:00:00 
2024-07-25 00:27:52.2751 INFO  [6] KintaiAuto.Controllers.HomeController - 2024/07/14 0:00:00 
2024-07-25 00:27:52.3468 INFO  [6] KintaiAuto.Controllers.HomeController - 2024/07/15 0:00:00 
2024-07-25 00:27:52.4161 INFO  [6] KintaiAuto.Controllers.HomeController - 2024/07/16 0:00:00 
2024-07-25 00:27:52.5268 INFO  [6] KintaiAuto.Controllers.HomeController - 2024/07/17 0:00:00 
2024-07-25 00:27:52.6302 INFO  [6] KintaiAuto.Controllers.HomeController - 2024/07/18 0:00:00 
2024-07-25 00:27:52.7363 INFO  [6] KintaiAuto.Controllers.HomeController - 2024/07/19 0:00:00 
2024-07-25 00:27:52.8429 INFO  [6] KintaiAuto.Controllers.HomeController - 2024/07/20 0:00:00 
2024-07-25 00:27:52.9128 INFO  [6] KintaiAuto.Controllers.HomeController - 2024/07/21 0:00:00 
2024-07-25 00:27:52.9851 INFO  [6] KintaiAuto.Controllers.HomeController - 2024/07/22 0:00:00 
2024-07-25 00:27:53.0923 INFO  [6] KintaiAuto.Controllers.HomeController - 2024/07/23 0:00:00 
2024-07-25 00:27:53.2112 INFO  [6] KintaiAuto.Controllers.HomeController - 2024/07/24 0:00:00 
2024-07-25 00:27:53.3303 INFO  [6] KintaiAuto.Controllers.HomeController - 2024/07/25 0:00:00 
2024-07-25 00:27:53.4549 INFO  [6] KintaiAuto.Controllers.HomeController - 2024/07/26 0:00:00 
2024-07-25 00:27:53.5374 INFO  [6] KintaiAuto.Controllers.HomeController - 2024/07/27 0:00:00 
2024-07-25 00:27:53.6178 INFO  [6] KintaiAuto.Controllers.HomeController - 2024/07/28 0:00:00 
2024-07-25 00:27:53.6891 INFO  [6] KintaiAuto.Controllers.HomeController - 2024/07/29 0:00:00 
2024-07-25 00:27:53.7657 INFO  [6] KintaiAuto.Controllers.HomeController - 2024/07/30 0:00:00 
2024-07-25 00:27:53.8412 INFO  [6] KintaiAuto.Controllers.HomeController - 2024/07/31 0:00:00 
2024-07-25 00:27:53.9345 INFO  [6] KintaiAuto.Controllers.HomeController - 31 
2024-07-25 00:28:11.1512 INFO  [8] KintaiAuto.Controllers.HomeController - 楽楽清算ログイン成功 
2024-07-25 00:28:11.3251 INFO  [8] KintaiAuto.Controllers.HomeController - 楽楽清算-一時保存 
2024-07-25 00:28:11.6878 INFO  [8] KintaiAuto.Controllers.HomeController - 楽楽清算-通勤費画面 
2024-07-25 00:31:42.6582 INFO  [9] KintaiAuto.Controllers.HomeController - ログイン情報読込 
2024-07-25 00:31:42.7261 INFO  [9] KintaiAuto.Controllers.HomeController - oyama.shota@alhinc.jp 
