2024-07-26 00:15:44.4440 INFO  [12] KintaiAuto.Controllers.HomeController - ログイン情報読込 
2024-07-26 00:15:44.5286 INFO  [12] KintaiAuto.Controllers.HomeController - oyama.shota@alhinc.jp 
2024-07-26 00:15:52.7004 INFO  [12] KintaiAuto.Controllers.HomeController - 楽楽清算ログイン成功 
2024-07-26 00:15:57.8737 INFO  [12] KintaiAuto.Controllers.HomeController - 楽楽清算-一時保存 
2024-07-26 00:16:03.0207 INFO  [12] KintaiAuto.Controllers.HomeController - 楽楽清算-通勤費画面 
2024-07-26 00:16:13.5688 DEBUG [12] KintaiAuto.Controllers.util.ChromeDriverUtil - chrome終了 
2024-07-26 00:16:13.7033 INFO  [12] KintaiAuto.Controllers.HomeController - 電車（国内） / 柚須 ＞ 博多 
2024-07-26 00:16:26.5479 INFO  [12] KintaiAuto.Controllers.HomeController - recoluログイン成功 
2024-07-26 00:16:26.5624 INFO  [12] KintaiAuto.Controllers.HomeController - 32 
2024-07-26 00:16:26.8603 INFO  [12] KintaiAuto.Controllers.HomeController - 2024/07/01 0:00:00 
2024-07-26 00:16:26.9976 INFO  [12] KintaiAuto.Controllers.HomeController - 2024/07/02 0:00:00 
2024-07-26 00:16:27.1248 INFO  [12] KintaiAuto.Controllers.HomeController - 2024/07/03 0:00:00 
2024-07-26 00:16:27.2430 INFO  [12] KintaiAuto.Controllers.HomeController - 2024/07/04 0:00:00 
2024-07-26 00:16:27.3746 INFO  [12] KintaiAuto.Controllers.HomeController - 2024/07/05 0:00:00 
2024-07-26 00:16:27.5058 INFO  [12] KintaiAuto.Controllers.HomeController - 2024/07/06 0:00:00 
2024-07-26 00:16:27.5878 INFO  [12] KintaiAuto.Controllers.HomeController - 2024/07/07 0:00:00 
2024-07-26 00:16:27.6732 INFO  [12] KintaiAuto.Controllers.HomeController - 2024/07/08 0:00:00 
2024-07-26 00:16:27.7930 INFO  [12] KintaiAuto.Controllers.HomeController - 2024/07/09 0:00:00 
2024-07-26 00:16:27.9106 INFO  [12] KintaiAuto.Controllers.HomeController - 2024/07/10 0:00:00 
2024-07-26 00:16:28.0274 INFO  [12] KintaiAuto.Controllers.HomeController - 2024/07/11 0:00:00 
2024-07-26 00:16:28.1424 INFO  [12] KintaiAuto.Controllers.HomeController - 2024/07/12 0:00:00 
2024-07-26 00:16:28.2637 INFO  [12] KintaiAuto.Controllers.HomeController - 2024/07/13 0:00:00 
2024-07-26 00:16:28.3397 INFO  [12] KintaiAuto.Controllers.HomeController - 2024/07/14 0:00:00 
2024-07-26 00:16:28.4172 INFO  [12] KintaiAuto.Controllers.HomeController - 2024/07/15 0:00:00 
2024-07-26 00:16:28.5014 INFO  [12] KintaiAuto.Controllers.HomeController - 2024/07/16 0:00:00 
2024-07-26 00:16:28.6295 INFO  [12] KintaiAuto.Controllers.HomeController - 2024/07/17 0:00:00 
2024-07-26 00:16:28.7576 INFO  [12] KintaiAuto.Controllers.HomeController - 2024/07/18 0:00:00 
2024-07-26 00:16:28.8789 INFO  [12] KintaiAuto.Controllers.HomeController - 2024/07/19 0:00:00 
2024-07-26 00:16:28.9942 INFO  [12] KintaiAuto.Controllers.HomeController - 2024/07/20 0:00:00 
2024-07-26 00:16:29.0721 INFO  [12] KintaiAuto.Controllers.HomeController - 2024/07/21 0:00:00 
2024-07-26 00:16:29.1538 INFO  [12] KintaiAuto.Controllers.HomeController - 2024/07/22 0:00:00 
2024-07-26 00:16:29.2834 INFO  [12] KintaiAuto.Controllers.HomeController - 2024/07/23 0:00:00 
2024-07-26 00:16:29.4153 INFO  [12] KintaiAuto.Controllers.HomeController - 2024/07/24 0:00:00 
2024-07-26 00:16:29.5423 INFO  [12] KintaiAuto.Controllers.HomeController - 2024/07/25 0:00:00 
2024-07-26 00:16:29.6590 INFO  [12] KintaiAuto.Controllers.HomeController - 2024/07/26 0:00:00 
2024-07-26 00:16:29.7774 INFO  [12] KintaiAuto.Controllers.HomeController - 2024/07/27 0:00:00 
2024-07-26 00:16:29.8552 INFO  [12] KintaiAuto.Controllers.HomeController - 2024/07/28 0:00:00 
2024-07-26 00:16:29.9335 INFO  [12] KintaiAuto.Controllers.HomeController - 2024/07/29 0:00:00 
2024-07-26 00:16:30.0116 INFO  [12] KintaiAuto.Controllers.HomeController - 2024/07/30 0:00:00 
2024-07-26 00:16:30.0915 INFO  [12] KintaiAuto.Controllers.HomeController - 2024/07/31 0:00:00 
2024-07-26 00:16:30.1529 DEBUG [12] KintaiAuto.Controllers.util.ChromeDriverUtil - chrome終了 
2024-07-26 00:16:30.2802 INFO  [12] KintaiAuto.Controllers.HomeController - 31 
2024-07-26 00:16:40.2114 INFO  [8] KintaiAuto.Controllers.HomeController - 31 
2024-07-26 00:16:47.8663 INFO  [8] KintaiAuto.Controllers.HomeController - 楽楽清算ログイン成功 
2024-07-26 00:16:53.0385 INFO  [8] KintaiAuto.Controllers.HomeController - 楽楽清算-一時保存 
2024-07-26 00:16:58.1819 INFO  [8] KintaiAuto.Controllers.HomeController - 楽楽清算-通勤費画面 
2024-07-26 00:18:36.3825 INFO  [6] KintaiAuto.Controllers.HomeController - ログイン情報読込 
2024-07-26 00:18:36.4493 INFO  [6] KintaiAuto.Controllers.HomeController - oyama.shota@alhinc.jp 
2024-07-26 00:18:41.6307 INFO  [6] KintaiAuto.Controllers.HomeController - 楽楽清算ログイン成功 
2024-07-26 00:18:43.8437 INFO  [6] KintaiAuto.Controllers.HomeController - 楽楽清算-一時保存 
2024-07-26 00:18:46.0158 INFO  [6] KintaiAuto.Controllers.HomeController - 楽楽清算-通勤費画面 
2024-07-26 00:18:50.6416 DEBUG [6] KintaiAuto.Controllers.util.ChromeDriverUtil - chrome終了 
2024-07-26 00:18:50.7776 INFO  [6] KintaiAuto.Controllers.HomeController - 電車（国内） / 柚須 ＞ 博多 
2024-07-26 00:18:57.2857 INFO  [6] KintaiAuto.Controllers.HomeController - recoluログイン成功 
2024-07-26 00:18:57.2996 INFO  [6] KintaiAuto.Controllers.HomeController - 32 
2024-07-26 00:18:57.5977 INFO  [6] KintaiAuto.Controllers.HomeController - 2024/07/01 0:00:00 
2024-07-26 00:18:57.7189 INFO  [6] KintaiAuto.Controllers.HomeController - 2024/07/02 0:00:00 
2024-07-26 00:18:57.8362 INFO  [6] KintaiAuto.Controllers.HomeController - 2024/07/03 0:00:00 
2024-07-26 00:18:57.9500 INFO  [6] KintaiAuto.Controllers.HomeController - 2024/07/04 0:00:00 
2024-07-26 00:18:58.0637 INFO  [6] KintaiAuto.Controllers.HomeController - 2024/07/05 0:00:00 
2024-07-26 00:18:58.1851 INFO  [6] KintaiAuto.Controllers.HomeController - 2024/07/06 0:00:00 
2024-07-26 00:18:58.2632 INFO  [6] KintaiAuto.Controllers.HomeController - 2024/07/07 0:00:00 
2024-07-26 00:18:58.3394 INFO  [6] KintaiAuto.Controllers.HomeController - 2024/07/08 0:00:00 
2024-07-26 00:18:58.4627 INFO  [6] KintaiAuto.Controllers.HomeController - 2024/07/09 0:00:00 
2024-07-26 00:18:58.5776 INFO  [6] KintaiAuto.Controllers.HomeController - 2024/07/10 0:00:00 
2024-07-26 00:18:58.6996 INFO  [6] KintaiAuto.Controllers.HomeController - 2024/07/11 0:00:00 
2024-07-26 00:18:58.8133 INFO  [6] KintaiAuto.Controllers.HomeController - 2024/07/12 0:00:00 
2024-07-26 00:18:58.9304 INFO  [6] KintaiAuto.Controllers.HomeController - 2024/07/13 0:00:00 
2024-07-26 00:18:59.0083 INFO  [6] KintaiAuto.Controllers.HomeController - 2024/07/14 0:00:00 
2024-07-26 00:18:59.0859 INFO  [6] KintaiAuto.Controllers.HomeController - 2024/07/15 0:00:00 
2024-07-26 00:18:59.1599 INFO  [6] KintaiAuto.Controllers.HomeController - 2024/07/16 0:00:00 
2024-07-26 00:18:59.2771 INFO  [6] KintaiAuto.Controllers.HomeController - 2024/07/17 0:00:00 
2024-07-26 00:18:59.3934 INFO  [6] KintaiAuto.Controllers.HomeController - 2024/07/18 0:00:00 
2024-07-26 00:18:59.5083 INFO  [6] KintaiAuto.Controllers.HomeController - 2024/07/19 0:00:00 
2024-07-26 00:18:59.6277 INFO  [6] KintaiAuto.Controllers.HomeController - 2024/07/20 0:00:00 
2024-07-26 00:18:59.7167 INFO  [6] KintaiAuto.Controllers.HomeController - 2024/07/21 0:00:00 
2024-07-26 00:18:59.7946 INFO  [6] KintaiAuto.Controllers.HomeController - 2024/07/22 0:00:00 
2024-07-26 00:18:59.9170 INFO  [6] KintaiAuto.Controllers.HomeController - 2024/07/23 0:00:00 
2024-07-26 00:19:00.0340 INFO  [6] KintaiAuto.Controllers.HomeController - 2024/07/24 0:00:00 
2024-07-26 00:19:00.1550 INFO  [6] KintaiAuto.Controllers.HomeController - 2024/07/25 0:00:00 
2024-07-26 00:19:00.2819 INFO  [6] KintaiAuto.Controllers.HomeController - 2024/07/26 0:00:00 
2024-07-26 00:19:00.4055 INFO  [6] KintaiAuto.Controllers.HomeController - 2024/07/27 0:00:00 
2024-07-26 00:19:00.4852 INFO  [6] KintaiAuto.Controllers.HomeController - 2024/07/28 0:00:00 
2024-07-26 00:19:00.5659 INFO  [6] KintaiAuto.Controllers.HomeController - 2024/07/29 0:00:00 
2024-07-26 00:19:00.6426 INFO  [6] KintaiAuto.Controllers.HomeController - 2024/07/30 0:00:00 
2024-07-26 00:19:00.7249 INFO  [6] KintaiAuto.Controllers.HomeController - 2024/07/31 0:00:00 
2024-07-26 00:19:00.7936 DEBUG [6] KintaiAuto.Controllers.util.ChromeDriverUtil - chrome終了 
2024-07-26 00:19:00.9000 INFO  [6] KintaiAuto.Controllers.HomeController - 31 
2024-07-26 00:19:25.1412 INFO  [21] KintaiAuto.Controllers.HomeController - 31 
2024-07-26 00:19:29.8536 INFO  [21] KintaiAuto.Controllers.HomeController - 楽楽清算ログイン成功 
2024-07-26 00:19:32.0440 INFO  [21] KintaiAuto.Controllers.HomeController - 楽楽清算-一時保存 
2024-07-26 00:19:34.1752 INFO  [21] KintaiAuto.Controllers.HomeController - 楽楽清算-通勤費画面 
2024-07-26 00:19:47.1065 DEBUG [21] KintaiAuto.Controllers.util.ChromeDriverUtil - chrome終了 
2024-07-26 00:19:53.7578 INFO  [21] KintaiAuto.Controllers.HomeController - recoluログイン情報読込 
2024-07-26 00:20:02.1420 DEBUG [21] KintaiAuto.Controllers.util.ChromeDriverUtil - chrome終了 
