2024-07-23 23:14:07.0078 INFO  [8] KintaiAuto.Controllers.HomeController - ログイン情報読込 
2024-07-23 23:14:07.1023 INFO  [8] KintaiAuto.Controllers.HomeController - KintaiAuto.ViewModel.LoginsInfo 
2024-07-23 23:36:38.2087 INFO  [9] KintaiAuto.Controllers.HomeController - ログイン情報読込 
2024-07-23 23:36:38.2765 INFO  [9] KintaiAuto.Controllers.HomeController - oyama.shota@alhinc.jp 
2024-07-23 23:36:42.2372 INFO  [9] KintaiAuto.Controllers.HomeController - 楽楽清算ログイン成功 
2024-07-23 23:36:43.3255 INFO  [9] KintaiAuto.Controllers.HomeController - 楽楽清算-一時保存 
2024-07-23 23:36:43.5538 INFO  [9] KintaiAuto.Controllers.HomeController - 楽楽清算-通勤費画面 
2024-07-23 23:37:16.9333 INFO  [6] KintaiAuto.Controllers.HomeController - ログイン情報読込 
2024-07-23 23:37:17.0073 INFO  [6] KintaiAuto.Controllers.HomeController - oyama.shota@alhinc.jp 
2024-07-23 23:37:21.0597 INFO  [6] KintaiAuto.Controllers.HomeController - 楽楽清算ログイン成功 
2024-07-23 23:37:22.1546 INFO  [6] KintaiAuto.Controllers.HomeController - 楽楽清算-一時保存 
2024-07-23 23:37:22.3665 INFO  [6] KintaiAuto.Controllers.HomeController - 楽楽清算-通勤費画面 
2024-07-23 23:54:29.8820 INFO  [10] KintaiAuto.Controllers.HomeController - ログイン情報読込 
2024-07-23 23:54:29.9427 INFO  [10] KintaiAuto.Controllers.HomeController - oyama.shota@alhinc.jp 
2024-07-23 23:54:33.9088 INFO  [10] KintaiAuto.Controllers.HomeController - 楽楽清算ログイン成功 
2024-07-23 23:54:34.9995 INFO  [10] KintaiAuto.Controllers.HomeController - 楽楽清算-一時保存 
2024-07-23 23:54:35.2210 INFO  [10] KintaiAuto.Controllers.HomeController - 楽楽清算-通勤費画面 
2024-07-23 23:54:41.6634 INFO  [10] KintaiAuto.Controllers.HomeController - daysSystem.Collections.ObjectModel.ReadOnlyCollection`1[OpenQA.Selenium.IWebElement] 
2024-07-23 23:55:26.3609 INFO  [20] KintaiAuto.Controllers.HomeController - ログイン情報読込 
2024-07-23 23:55:26.3609 INFO  [20] KintaiAuto.Controllers.HomeController - oyama.shota@alhinc.jp 
2024-07-23 23:55:30.1153 INFO  [20] KintaiAuto.Controllers.HomeController - 楽楽清算ログイン成功 
2024-07-23 23:55:31.2155 INFO  [20] KintaiAuto.Controllers.HomeController - 楽楽清算-一時保存 
2024-07-23 23:55:31.4515 INFO  [20] KintaiAuto.Controllers.HomeController - 楽楽清算-通勤費画面 
2024-07-23 23:55:31.6202 INFO  [25] KintaiAuto.Controllers.HomeController - 楽楽清算ログイン成功 
2024-07-23 23:55:32.7567 INFO  [25] KintaiAuto.Controllers.HomeController - 楽楽清算-一時保存 
2024-07-23 23:55:32.9828 INFO  [25] KintaiAuto.Controllers.HomeController - 楽楽清算-通勤費画面 
2024-07-23 23:55:37.9121 INFO  [20] KintaiAuto.Controllers.HomeController - daysSystem.Linq.Enumerable+SelectIListIterator`2[OpenQA.Selenium.IWebElement,System.String] 
2024-07-23 23:55:39.2982 INFO  [25] KintaiAuto.Controllers.HomeController - daysSystem.Linq.Enumerable+SelectIListIterator`2[OpenQA.Selenium.IWebElement,System.String] 
2024-07-23 23:56:08.6279 INFO  [30] KintaiAuto.Controllers.HomeController - 楽楽清算ログイン成功 
2024-07-23 23:56:09.7114 INFO  [30] KintaiAuto.Controllers.HomeController - 楽楽清算-一時保存 
2024-07-23 23:56:09.9200 INFO  [30] KintaiAuto.Controllers.HomeController - 楽楽清算-通勤費画面 
2024-07-23 23:56:09.9650 INFO  [40] KintaiAuto.Controllers.HomeController - 楽楽清算ログイン成功 
2024-07-23 23:56:11.1026 INFO  [40] KintaiAuto.Controllers.HomeController - 楽楽清算-一時保存 
2024-07-23 23:56:11.3047 INFO  [40] KintaiAuto.Controllers.HomeController - 楽楽清算-通勤費画面 
2024-07-23 23:56:16.3363 INFO  [30] KintaiAuto.Controllers.HomeController - daysSystem.Linq.Enumerable+SelectIListIterator`2[OpenQA.Selenium.IWebElement,System.String] 
2024-07-23 23:56:17.5197 INFO  [40] KintaiAuto.Controllers.HomeController - daysSystem.Linq.Enumerable+SelectIListIterator`2[OpenQA.Selenium.IWebElement,System.String] 
2024-07-23 23:56:27.5833 INFO  [9] KintaiAuto.Controllers.HomeController - ログイン情報読込 
2024-07-23 23:56:27.6459 INFO  [9] KintaiAuto.Controllers.HomeController - oyama.shota@alhinc.jp 
2024-07-23 23:56:31.4122 INFO  [9] KintaiAuto.Controllers.HomeController - 楽楽清算ログイン成功 
2024-07-23 23:56:32.5066 INFO  [9] KintaiAuto.Controllers.HomeController - 楽楽清算-一時保存 
2024-07-23 23:56:32.7358 INFO  [9] KintaiAuto.Controllers.HomeController - 楽楽清算-通勤費画面 
2024-07-23 23:56:38.7520 INFO  [9] KintaiAuto.Controllers.HomeController - daysSystem.Linq.Enumerable+SelectIListIterator`2[OpenQA.Selenium.IWebElement,System.String] 
2024-07-23 23:58:55.9190 INFO  [6] KintaiAuto.Controllers.HomeController - ログイン情報読込 
2024-07-23 23:58:55.9801 INFO  [6] KintaiAuto.Controllers.HomeController - oyama.shota@alhinc.jp 
2024-07-23 23:58:59.7150 INFO  [6] KintaiAuto.Controllers.HomeController - 楽楽清算ログイン成功 
2024-07-23 23:59:00.8118 INFO  [6] KintaiAuto.Controllers.HomeController - 楽楽清算-一時保存 
2024-07-23 23:59:01.2861 INFO  [6] KintaiAuto.Controllers.HomeController - 楽楽清算-通勤費画面 
2024-07-23 23:59:07.6354 INFO  [6] KintaiAuto.Controllers.HomeController - days::System.Collections.Generic.List`1[System.String] 
2024-07-23 23:59:57.0459 INFO  [21] KintaiAuto.Controllers.HomeController - ログイン情報読込 
2024-07-23 23:59:57.0468 INFO  [21] KintaiAuto.Controllers.HomeController - oyama.shota@alhinc.jp 
