2024-07-24 00:00:00.6804 INFO  [21] KintaiAuto.Controllers.HomeController - 楽楽清算ログイン成功 
2024-07-24 00:00:01.7906 INFO  [21] KintaiAuto.Controllers.HomeController - 楽楽清算-一時保存 
2024-07-24 00:00:02.0241 INFO  [21] KintaiAuto.Controllers.HomeController - 楽楽清算-通勤費画面 
2024-07-24 00:00:08.3063 INFO  [21] KintaiAuto.Controllers.HomeController - days::System.Collections.Generic.List`1[System.String] 
2024-07-24 00:02:18.2148 INFO  [8] KintaiAuto.Controllers.HomeController - ログイン情報読込 
2024-07-24 00:02:18.2148 INFO  [8] KintaiAuto.Controllers.HomeController - oyama.shota@alhinc.jp 
2024-07-24 00:02:21.8684 INFO  [8] KintaiAuto.Controllers.HomeController - 楽楽清算ログイン成功 
2024-07-24 00:02:22.9613 INFO  [8] KintaiAuto.Controllers.HomeController - 楽楽清算-一時保存 
2024-07-24 00:02:23.1769 INFO  [8] KintaiAuto.Controllers.HomeController - 楽楽清算-通勤費画面 
2024-07-24 00:02:29.5330 INFO  [8] KintaiAuto.Controllers.HomeController - recoluログイン成功 
2024-07-24 00:02:29.5804 INFO  [8] KintaiAuto.Controllers.HomeController - 2024/07/01 0:00:00 
2024-07-24 00:02:29.6909 INFO  [8] KintaiAuto.Controllers.HomeController - 2024/07/02 0:00:00 
2024-07-24 00:02:29.7957 INFO  [8] KintaiAuto.Controllers.HomeController - 2024/07/03 0:00:00 
2024-07-24 00:02:29.9015 INFO  [8] KintaiAuto.Controllers.HomeController - 2024/07/04 0:00:00 
2024-07-24 00:02:30.0096 INFO  [8] KintaiAuto.Controllers.HomeController - 2024/07/05 0:00:00 
2024-07-24 00:02:30.1289 INFO  [8] KintaiAuto.Controllers.HomeController - 2024/07/06 0:00:00 
2024-07-24 00:02:30.2003 INFO  [8] KintaiAuto.Controllers.HomeController - 2024/07/07 0:00:00 
2024-07-24 00:02:30.2725 INFO  [8] KintaiAuto.Controllers.HomeController - 2024/07/08 0:00:00 
2024-07-24 00:02:30.3806 INFO  [8] KintaiAuto.Controllers.HomeController - 2024/07/09 0:00:00 
2024-07-24 00:02:30.4860 INFO  [8] KintaiAuto.Controllers.HomeController - 2024/07/10 0:00:00 
2024-07-24 00:02:30.5964 INFO  [8] KintaiAuto.Controllers.HomeController - 2024/07/11 0:00:00 
2024-07-24 00:02:30.6996 INFO  [8] KintaiAuto.Controllers.HomeController - 2024/07/12 0:00:00 
2024-07-24 00:02:30.8079 INFO  [8] KintaiAuto.Controllers.HomeController - 2024/07/13 0:00:00 
2024-07-24 00:02:30.8758 INFO  [8] KintaiAuto.Controllers.HomeController - 2024/07/14 0:00:00 
2024-07-24 00:02:30.9462 INFO  [8] KintaiAuto.Controllers.HomeController - 2024/07/15 0:00:00 
2024-07-24 00:02:31.0186 INFO  [8] KintaiAuto.Controllers.HomeController - 2024/07/16 0:00:00 
2024-07-24 00:02:31.1226 INFO  [8] KintaiAuto.Controllers.HomeController - 2024/07/17 0:00:00 
2024-07-24 00:02:31.2300 INFO  [8] KintaiAuto.Controllers.HomeController - 2024/07/18 0:00:00 
2024-07-24 00:02:31.3373 INFO  [8] KintaiAuto.Controllers.HomeController - 2024/07/19 0:00:00 
2024-07-24 00:02:31.4487 INFO  [8] KintaiAuto.Controllers.HomeController - 2024/07/20 0:00:00 
2024-07-24 00:02:31.5180 INFO  [8] KintaiAuto.Controllers.HomeController - 2024/07/21 0:00:00 
2024-07-24 00:02:31.5885 INFO  [8] KintaiAuto.Controllers.HomeController - 2024/07/22 0:00:00 
2024-07-24 00:02:31.6993 INFO  [8] KintaiAuto.Controllers.HomeController - 2024/07/23 0:00:00 
2024-07-24 00:02:31.8059 INFO  [8] KintaiAuto.Controllers.HomeController - 2024/07/24 0:00:00 
2024-07-24 00:02:31.9136 INFO  [8] KintaiAuto.Controllers.HomeController - 2024/07/25 0:00:00 
2024-07-24 00:02:31.9838 INFO  [8] KintaiAuto.Controllers.HomeController - 2024/07/26 0:00:00 
2024-07-24 00:02:32.0531 INFO  [8] KintaiAuto.Controllers.HomeController - 2024/07/27 0:00:00 
2024-07-24 00:02:32.1253 INFO  [8] KintaiAuto.Controllers.HomeController - 2024/07/28 0:00:00 
2024-07-24 00:02:32.1957 INFO  [8] KintaiAuto.Controllers.HomeController - 2024/07/29 0:00:00 
2024-07-24 00:02:32.2767 INFO  [8] KintaiAuto.Controllers.HomeController - 2024/07/30 0:00:00 
2024-07-24 00:02:32.3560 INFO  [8] KintaiAuto.Controllers.HomeController - 2024/07/31 0:00:00 
2024-07-24 00:02:32.4534 INFO  [8] KintaiAuto.Controllers.HomeController - 31 
2024-07-24 00:23:57.6465 INFO  [10] KintaiAuto.Controllers.HomeController - ログイン情報読込 
2024-07-24 00:23:57.7090 INFO  [10] KintaiAuto.Controllers.HomeController - oyama.shota@alhinc.jp 
2024-07-24 00:24:01.7014 INFO  [10] KintaiAuto.Controllers.HomeController - 楽楽清算ログイン成功 
2024-07-24 00:24:02.7867 INFO  [10] KintaiAuto.Controllers.HomeController - 楽楽清算-一時保存 
2024-07-24 00:24:03.0277 INFO  [10] KintaiAuto.Controllers.HomeController - 楽楽清算-通勤費画面 
2024-07-24 00:24:06.0192 INFO  [10] KintaiAuto.Controllers.HomeController - System.Linq.Enumerable+SelectEnumerableIterator`2[Microsoft.AspNetCore.Mvc.Rendering.SelectListItem,System.String] 
2024-07-24 00:24:09.3418 INFO  [10] KintaiAuto.Controllers.HomeController - recoluログイン成功 
2024-07-24 00:24:09.6293 INFO  [10] KintaiAuto.Controllers.HomeController - 2024/07/01 0:00:00 
2024-07-24 00:24:09.7430 INFO  [10] KintaiAuto.Controllers.HomeController - 2024/07/02 0:00:00 
2024-07-24 00:24:09.8525 INFO  [10] KintaiAuto.Controllers.HomeController - 2024/07/03 0:00:00 
2024-07-24 00:24:09.9601 INFO  [10] KintaiAuto.Controllers.HomeController - 2024/07/04 0:00:00 
2024-07-24 00:24:10.0680 INFO  [10] KintaiAuto.Controllers.HomeController - 2024/07/05 0:00:00 
2024-07-24 00:24:10.1888 INFO  [10] KintaiAuto.Controllers.HomeController - 2024/07/06 0:00:00 
2024-07-24 00:24:10.2619 INFO  [10] KintaiAuto.Controllers.HomeController - 2024/07/07 0:00:00 
2024-07-24 00:24:10.3336 INFO  [10] KintaiAuto.Controllers.HomeController - 2024/07/08 0:00:00 
2024-07-24 00:24:10.4516 INFO  [10] KintaiAuto.Controllers.HomeController - 2024/07/09 0:00:00 
2024-07-24 00:24:10.5640 INFO  [10] KintaiAuto.Controllers.HomeController - 2024/07/10 0:00:00 
2024-07-24 00:24:10.6822 INFO  [10] KintaiAuto.Controllers.HomeController - 2024/07/11 0:00:00 
2024-07-24 00:24:10.8109 INFO  [10] KintaiAuto.Controllers.HomeController - 2024/07/12 0:00:00 
2024-07-24 00:24:10.9380 INFO  [10] KintaiAuto.Controllers.HomeController - 2024/07/13 0:00:00 
2024-07-24 00:24:11.0163 INFO  [10] KintaiAuto.Controllers.HomeController - 2024/07/14 0:00:00 
2024-07-24 00:24:11.0912 INFO  [10] KintaiAuto.Controllers.HomeController - 2024/07/15 0:00:00 
2024-07-24 00:24:11.1942 INFO  [10] KintaiAuto.Controllers.HomeController - 2024/07/16 0:00:00 
2024-07-24 00:24:11.3325 INFO  [10] KintaiAuto.Controllers.HomeController - 2024/07/17 0:00:00 
2024-07-24 00:24:11.4550 INFO  [10] KintaiAuto.Controllers.HomeController - 2024/07/18 0:00:00 
2024-07-24 00:24:11.5800 INFO  [10] KintaiAuto.Controllers.HomeController - 2024/07/19 0:00:00 
2024-07-24 00:24:11.6979 INFO  [10] KintaiAuto.Controllers.HomeController - 2024/07/20 0:00:00 
2024-07-24 00:24:11.7774 INFO  [10] KintaiAuto.Controllers.HomeController - 2024/07/21 0:00:00 
2024-07-24 00:24:11.8544 INFO  [10] KintaiAuto.Controllers.HomeController - 2024/07/22 0:00:00 
2024-07-24 00:24:11.9739 INFO  [10] KintaiAuto.Controllers.HomeController - 2024/07/23 0:00:00 
2024-07-24 00:24:12.0939 INFO  [10] KintaiAuto.Controllers.HomeController - 2024/07/24 0:00:00 
2024-07-24 00:24:12.2066 INFO  [10] KintaiAuto.Controllers.HomeController - 2024/07/25 0:00:00 
2024-07-24 00:24:12.2779 INFO  [10] KintaiAuto.Controllers.HomeController - 2024/07/26 0:00:00 
2024-07-24 00:24:12.3554 INFO  [10] KintaiAuto.Controllers.HomeController - 2024/07/27 0:00:00 
2024-07-24 00:24:12.4293 INFO  [10] KintaiAuto.Controllers.HomeController - 2024/07/28 0:00:00 
2024-07-24 00:24:12.4993 INFO  [10] KintaiAuto.Controllers.HomeController - 2024/07/29 0:00:00 
2024-07-24 00:24:12.5741 INFO  [10] KintaiAuto.Controllers.HomeController - 2024/07/30 0:00:00 
2024-07-24 00:24:12.6495 INFO  [10] KintaiAuto.Controllers.HomeController - 2024/07/31 0:00:00 
2024-07-24 00:24:12.7480 INFO  [10] KintaiAuto.Controllers.HomeController - 31 
2024-07-24 00:24:48.5934 INFO  [20] KintaiAuto.Controllers.HomeController - ログイン情報読込 
2024-07-24 00:24:48.5934 INFO  [20] KintaiAuto.Controllers.HomeController - oyama.shota@alhinc.jp 
2024-07-24 00:24:52.3355 INFO  [20] KintaiAuto.Controllers.HomeController - 楽楽清算ログイン成功 
2024-07-24 00:24:53.4263 INFO  [20] KintaiAuto.Controllers.HomeController - 楽楽清算-一時保存 
2024-07-24 00:24:53.6480 INFO  [20] KintaiAuto.Controllers.HomeController - 楽楽清算-通勤費画面 
2024-07-24 00:24:56.7373 INFO  [20] KintaiAuto.Controllers.HomeController -  
2024-07-24 00:25:00.0619 INFO  [20] KintaiAuto.Controllers.HomeController - recoluログイン成功 
2024-07-24 00:25:00.1148 INFO  [20] KintaiAuto.Controllers.HomeController - 2024/07/01 0:00:00 
2024-07-24 00:25:00.2321 INFO  [20] KintaiAuto.Controllers.HomeController - 2024/07/02 0:00:00 
2024-07-24 00:25:00.3464 INFO  [20] KintaiAuto.Controllers.HomeController - 2024/07/03 0:00:00 
2024-07-24 00:25:00.4578 INFO  [20] KintaiAuto.Controllers.HomeController - 2024/07/04 0:00:00 
2024-07-24 00:25:00.5660 INFO  [20] KintaiAuto.Controllers.HomeController - 2024/07/05 0:00:00 
2024-07-24 00:25:00.6800 INFO  [20] KintaiAuto.Controllers.HomeController - 2024/07/06 0:00:00 
2024-07-24 00:25:00.7548 INFO  [20] KintaiAuto.Controllers.HomeController - 2024/07/07 0:00:00 
2024-07-24 00:25:00.8328 INFO  [20] KintaiAuto.Controllers.HomeController - 2024/07/08 0:00:00 
2024-07-24 00:25:00.9426 INFO  [20] KintaiAuto.Controllers.HomeController - 2024/07/09 0:00:00 
2024-07-24 00:25:01.0502 INFO  [20] KintaiAuto.Controllers.HomeController - 2024/07/10 0:00:00 
2024-07-24 00:25:01.1588 INFO  [20] KintaiAuto.Controllers.HomeController - 2024/07/11 0:00:00 
2024-07-24 00:25:01.2638 INFO  [20] KintaiAuto.Controllers.HomeController - 2024/07/12 0:00:00 
2024-07-24 00:25:01.3788 INFO  [20] KintaiAuto.Controllers.HomeController - 2024/07/13 0:00:00 
2024-07-24 00:25:01.4515 INFO  [20] KintaiAuto.Controllers.HomeController - 2024/07/14 0:00:00 
2024-07-24 00:25:01.5201 INFO  [20] KintaiAuto.Controllers.HomeController - 2024/07/15 0:00:00 
2024-07-24 00:25:01.5910 INFO  [20] KintaiAuto.Controllers.HomeController - 2024/07/16 0:00:00 
2024-07-24 00:25:01.6990 INFO  [20] KintaiAuto.Controllers.HomeController - 2024/07/17 0:00:00 
2024-07-24 00:25:01.8131 INFO  [20] KintaiAuto.Controllers.HomeController - 2024/07/18 0:00:00 
2024-07-24 00:25:01.9250 INFO  [20] KintaiAuto.Controllers.HomeController - 2024/07/19 0:00:00 
2024-07-24 00:25:02.0489 INFO  [20] KintaiAuto.Controllers.HomeController - 2024/07/20 0:00:00 
2024-07-24 00:25:02.1222 INFO  [20] KintaiAuto.Controllers.HomeController - 2024/07/21 0:00:00 
2024-07-24 00:25:02.1957 INFO  [20] KintaiAuto.Controllers.HomeController - 2024/07/22 0:00:00 
2024-07-24 00:25:02.3086 INFO  [20] KintaiAuto.Controllers.HomeController - 2024/07/23 0:00:00 
2024-07-24 00:25:02.4381 INFO  [20] KintaiAuto.Controllers.HomeController - 2024/07/24 0:00:00 
2024-07-24 00:25:02.5558 INFO  [20] KintaiAuto.Controllers.HomeController - 2024/07/25 0:00:00 
2024-07-24 00:25:02.6330 INFO  [20] KintaiAuto.Controllers.HomeController - 2024/07/26 0:00:00 
2024-07-24 00:25:02.7090 INFO  [20] KintaiAuto.Controllers.HomeController - 2024/07/27 0:00:00 
2024-07-24 00:25:02.7881 INFO  [20] KintaiAuto.Controllers.HomeController - 2024/07/28 0:00:00 
2024-07-24 00:25:02.8665 INFO  [20] KintaiAuto.Controllers.HomeController - 2024/07/29 0:00:00 
2024-07-24 00:25:02.9430 INFO  [20] KintaiAuto.Controllers.HomeController - 2024/07/30 0:00:00 
2024-07-24 00:25:03.0203 INFO  [20] KintaiAuto.Controllers.HomeController - 2024/07/31 0:00:00 
2024-07-24 00:25:03.1143 INFO  [20] KintaiAuto.Controllers.HomeController - 31 
2024-07-24 00:25:16.4306 INFO  [30] KintaiAuto.Controllers.HomeController - ログイン情報読込 
2024-07-24 00:25:16.4306 INFO  [30] KintaiAuto.Controllers.HomeController - oyama.shota@alhinc.jp 
2024-07-24 00:25:20.4474 INFO  [30] KintaiAuto.Controllers.HomeController - 楽楽清算ログイン成功 
2024-07-24 00:25:21.5384 INFO  [30] KintaiAuto.Controllers.HomeController - 楽楽清算-一時保存 
2024-07-24 00:25:21.7559 INFO  [30] KintaiAuto.Controllers.HomeController - 楽楽清算-通勤費画面 
2024-07-24 00:25:24.8561 INFO  [30] KintaiAuto.Controllers.HomeController - PtnName 
2024-07-24 00:25:28.1018 INFO  [30] KintaiAuto.Controllers.HomeController - recoluログイン成功 
2024-07-24 00:25:28.1534 INFO  [30] KintaiAuto.Controllers.HomeController - 2024/07/01 0:00:00 
2024-07-24 00:25:28.2583 INFO  [30] KintaiAuto.Controllers.HomeController - 2024/07/02 0:00:00 
2024-07-24 00:25:28.3650 INFO  [30] KintaiAuto.Controllers.HomeController - 2024/07/03 0:00:00 
2024-07-24 00:25:28.4708 INFO  [30] KintaiAuto.Controllers.HomeController - 2024/07/04 0:00:00 
2024-07-24 00:25:28.5781 INFO  [30] KintaiAuto.Controllers.HomeController - 2024/07/05 0:00:00 
2024-07-24 00:25:28.6892 INFO  [30] KintaiAuto.Controllers.HomeController - 2024/07/06 0:00:00 
2024-07-24 00:25:28.7577 INFO  [30] KintaiAuto.Controllers.HomeController - 2024/07/07 0:00:00 
2024-07-24 00:25:28.8288 INFO  [30] KintaiAuto.Controllers.HomeController - 2024/07/08 0:00:00 
2024-07-24 00:25:28.9333 INFO  [30] KintaiAuto.Controllers.HomeController - 2024/07/09 0:00:00 
2024-07-24 00:25:29.0399 INFO  [30] KintaiAuto.Controllers.HomeController - 2024/07/10 0:00:00 
2024-07-24 00:25:29.1475 INFO  [30] KintaiAuto.Controllers.HomeController - 2024/07/11 0:00:00 
2024-07-24 00:25:29.2533 INFO  [30] KintaiAuto.Controllers.HomeController - 2024/07/12 0:00:00 
2024-07-24 00:25:29.3587 INFO  [30] KintaiAuto.Controllers.HomeController - 2024/07/13 0:00:00 
2024-07-24 00:25:29.4301 INFO  [30] KintaiAuto.Controllers.HomeController - 2024/07/14 0:00:00 
2024-07-24 00:25:29.5003 INFO  [30] KintaiAuto.Controllers.HomeController - 2024/07/15 0:00:00 
2024-07-24 00:25:29.5698 INFO  [30] KintaiAuto.Controllers.HomeController - 2024/07/16 0:00:00 
2024-07-24 00:25:29.6785 INFO  [30] KintaiAuto.Controllers.HomeController - 2024/07/17 0:00:00 
2024-07-24 00:25:29.7838 INFO  [30] KintaiAuto.Controllers.HomeController - 2024/07/18 0:00:00 
2024-07-24 00:25:29.8896 INFO  [30] KintaiAuto.Controllers.HomeController - 2024/07/19 0:00:00 
2024-07-24 00:25:30.0020 INFO  [30] KintaiAuto.Controllers.HomeController - 2024/07/20 0:00:00 
2024-07-24 00:25:30.0789 INFO  [30] KintaiAuto.Controllers.HomeController - 2024/07/21 0:00:00 
2024-07-24 00:25:30.1548 INFO  [30] KintaiAuto.Controllers.HomeController - 2024/07/22 0:00:00 
2024-07-24 00:25:30.2688 INFO  [30] KintaiAuto.Controllers.HomeController - 2024/07/23 0:00:00 
2024-07-24 00:25:30.3819 INFO  [30] KintaiAuto.Controllers.HomeController - 2024/07/24 0:00:00 
2024-07-24 00:25:30.4983 INFO  [30] KintaiAuto.Controllers.HomeController - 2024/07/25 0:00:00 
2024-07-24 00:25:30.5700 INFO  [30] KintaiAuto.Controllers.HomeController - 2024/07/26 0:00:00 
2024-07-24 00:25:30.6469 INFO  [30] KintaiAuto.Controllers.HomeController - 2024/07/27 0:00:00 
2024-07-24 00:25:30.7289 INFO  [30] KintaiAuto.Controllers.HomeController - 2024/07/28 0:00:00 
2024-07-24 00:25:30.8094 INFO  [30] KintaiAuto.Controllers.HomeController - 2024/07/29 0:00:00 
2024-07-24 00:25:30.8847 INFO  [30] KintaiAuto.Controllers.HomeController - 2024/07/30 0:00:00 
2024-07-24 00:25:30.9607 INFO  [30] KintaiAuto.Controllers.HomeController - 2024/07/31 0:00:00 
2024-07-24 00:25:31.0575 INFO  [30] KintaiAuto.Controllers.HomeController - 31 
2024-07-24 00:26:35.0807 INFO  [33] KintaiAuto.Controllers.HomeController - ログイン情報読込 
2024-07-24 00:26:35.0807 INFO  [33] KintaiAuto.Controllers.HomeController - oyama.shota@alhinc.jp 
2024-07-24 00:26:38.7784 INFO  [33] KintaiAuto.Controllers.HomeController - 楽楽清算ログイン成功 
2024-07-24 00:26:39.8677 INFO  [33] KintaiAuto.Controllers.HomeController - 楽楽清算-一時保存 
2024-07-24 00:26:40.0958 INFO  [33] KintaiAuto.Controllers.HomeController - 楽楽清算-通勤費画面 
2024-07-24 00:26:43.2971 INFO  [33] KintaiAuto.Controllers.HomeController - 電車（国内） / 柚須 ＞ 博多 
2024-07-24 00:26:46.4840 INFO  [33] KintaiAuto.Controllers.HomeController - recoluログイン成功 
2024-07-24 00:26:46.5413 INFO  [33] KintaiAuto.Controllers.HomeController - 2024/07/01 0:00:00 
2024-07-24 00:26:46.6514 INFO  [33] KintaiAuto.Controllers.HomeController - 2024/07/02 0:00:00 
2024-07-24 00:26:46.7626 INFO  [33] KintaiAuto.Controllers.HomeController - 2024/07/03 0:00:00 
2024-07-24 00:26:46.8676 INFO  [33] KintaiAuto.Controllers.HomeController - 2024/07/04 0:00:00 
2024-07-24 00:26:46.9723 INFO  [33] KintaiAuto.Controllers.HomeController - 2024/07/05 0:00:00 
2024-07-24 00:26:47.0823 INFO  [33] KintaiAuto.Controllers.HomeController - 2024/07/06 0:00:00 
2024-07-24 00:26:47.1542 INFO  [33] KintaiAuto.Controllers.HomeController - 2024/07/07 0:00:00 
2024-07-24 00:26:47.2260 INFO  [33] KintaiAuto.Controllers.HomeController - 2024/07/08 0:00:00 
2024-07-24 00:26:47.3380 INFO  [33] KintaiAuto.Controllers.HomeController - 2024/07/09 0:00:00 
2024-07-24 00:26:47.4507 INFO  [33] KintaiAuto.Controllers.HomeController - 2024/07/10 0:00:00 
2024-07-24 00:26:47.5545 INFO  [33] KintaiAuto.Controllers.HomeController - 2024/07/11 0:00:00 
2024-07-24 00:26:47.6575 INFO  [33] KintaiAuto.Controllers.HomeController - 2024/07/12 0:00:00 
2024-07-24 00:26:47.7683 INFO  [33] KintaiAuto.Controllers.HomeController - 2024/07/13 0:00:00 
2024-07-24 00:26:47.8425 INFO  [33] KintaiAuto.Controllers.HomeController - 2024/07/14 0:00:00 
2024-07-24 00:26:47.9127 INFO  [33] KintaiAuto.Controllers.HomeController - 2024/07/15 0:00:00 
2024-07-24 00:26:47.9863 INFO  [33] KintaiAuto.Controllers.HomeController - 2024/07/16 0:00:00 
2024-07-24 00:26:48.1016 INFO  [33] KintaiAuto.Controllers.HomeController - 2024/07/17 0:00:00 
2024-07-24 00:26:48.2092 INFO  [33] KintaiAuto.Controllers.HomeController - 2024/07/18 0:00:00 
2024-07-24 00:26:48.3168 INFO  [33] KintaiAuto.Controllers.HomeController - 2024/07/19 0:00:00 
2024-07-24 00:26:48.4270 INFO  [33] KintaiAuto.Controllers.HomeController - 2024/07/20 0:00:00 
2024-07-24 00:26:48.5020 INFO  [33] KintaiAuto.Controllers.HomeController - 2024/07/21 0:00:00 
2024-07-24 00:26:48.5781 INFO  [33] KintaiAuto.Controllers.HomeController - 2024/07/22 0:00:00 
2024-07-24 00:26:48.6978 INFO  [33] KintaiAuto.Controllers.HomeController - 2024/07/23 0:00:00 
2024-07-24 00:26:48.8131 INFO  [33] KintaiAuto.Controllers.HomeController - 2024/07/24 0:00:00 
2024-07-24 00:26:48.9339 INFO  [33] KintaiAuto.Controllers.HomeController - 2024/07/25 0:00:00 
2024-07-24 00:26:49.0101 INFO  [33] KintaiAuto.Controllers.HomeController - 2024/07/26 0:00:00 
2024-07-24 00:26:49.0914 INFO  [33] KintaiAuto.Controllers.HomeController - 2024/07/27 0:00:00 
2024-07-24 00:26:49.1675 INFO  [33] KintaiAuto.Controllers.HomeController - 2024/07/28 0:00:00 
2024-07-24 00:26:49.2458 INFO  [33] KintaiAuto.Controllers.HomeController - 2024/07/29 0:00:00 
2024-07-24 00:26:49.3253 INFO  [33] KintaiAuto.Controllers.HomeController - 2024/07/30 0:00:00 
2024-07-24 00:26:49.4027 INFO  [33] KintaiAuto.Controllers.HomeController - 2024/07/31 0:00:00 
2024-07-24 00:26:49.5022 INFO  [33] KintaiAuto.Controllers.HomeController - 31 
2024-07-24 00:27:18.2817 INFO  [41] KintaiAuto.Controllers.HomeController - ログイン情報読込 
2024-07-24 00:27:18.2817 INFO  [41] KintaiAuto.Controllers.HomeController - oyama.shota@alhinc.jp 
2024-07-24 00:27:21.9296 INFO  [41] KintaiAuto.Controllers.HomeController - 楽楽清算ログイン成功 
2024-07-24 00:27:23.0228 INFO  [41] KintaiAuto.Controllers.HomeController - 楽楽清算-一時保存 
2024-07-24 00:27:23.2666 INFO  [41] KintaiAuto.Controllers.HomeController - 楽楽清算-通勤費画面 
2024-07-24 00:27:26.2872 INFO  [41] KintaiAuto.Controllers.HomeController - 電車（国内） / 柚須 ＞ 博多 
2024-07-24 00:27:29.5550 INFO  [41] KintaiAuto.Controllers.HomeController - recoluログイン成功 
2024-07-24 00:27:29.5749 INFO  [41] KintaiAuto.Controllers.HomeController - 日付 
2024-07-24 00:27:29.6106 INFO  [41] KintaiAuto.Controllers.HomeController - 2024/07/01 0:00:00 
2024-07-24 00:27:29.7163 INFO  [41] KintaiAuto.Controllers.HomeController - 2024/07/02 0:00:00 
2024-07-24 00:27:29.8259 INFO  [41] KintaiAuto.Controllers.HomeController - 2024/07/03 0:00:00 
2024-07-24 00:27:29.9302 INFO  [41] KintaiAuto.Controllers.HomeController - 2024/07/04 0:00:00 
2024-07-24 00:27:30.0416 INFO  [41] KintaiAuto.Controllers.HomeController - 2024/07/05 0:00:00 
2024-07-24 00:27:30.1565 INFO  [41] KintaiAuto.Controllers.HomeController - 2024/07/06 0:00:00 
2024-07-24 00:27:30.2259 INFO  [41] KintaiAuto.Controllers.HomeController - 2024/07/07 0:00:00 
2024-07-24 00:27:30.2984 INFO  [41] KintaiAuto.Controllers.HomeController - 2024/07/08 0:00:00 
2024-07-24 00:27:30.4050 INFO  [41] KintaiAuto.Controllers.HomeController - 2024/07/09 0:00:00 
2024-07-24 00:27:30.5112 INFO  [41] KintaiAuto.Controllers.HomeController - 2024/07/10 0:00:00 
2024-07-24 00:27:30.6175 INFO  [41] KintaiAuto.Controllers.HomeController - 2024/07/11 0:00:00 
2024-07-24 00:27:30.7239 INFO  [41] KintaiAuto.Controllers.HomeController - 2024/07/12 0:00:00 
2024-07-24 00:27:30.8280 INFO  [41] KintaiAuto.Controllers.HomeController - 2024/07/13 0:00:00 
2024-07-24 00:27:30.8991 INFO  [41] KintaiAuto.Controllers.HomeController - 2024/07/14 0:00:00 
2024-07-24 00:27:30.9696 INFO  [41] KintaiAuto.Controllers.HomeController - 2024/07/15 0:00:00 
2024-07-24 00:27:31.0393 INFO  [41] KintaiAuto.Controllers.HomeController - 2024/07/16 0:00:00 
2024-07-24 00:27:31.1485 INFO  [41] KintaiAuto.Controllers.HomeController - 2024/07/17 0:00:00 
2024-07-24 00:27:31.2533 INFO  [41] KintaiAuto.Controllers.HomeController - 2024/07/18 0:00:00 
2024-07-24 00:27:31.3584 INFO  [41] KintaiAuto.Controllers.HomeController - 2024/07/19 0:00:00 
2024-07-24 00:27:31.4645 INFO  [41] KintaiAuto.Controllers.HomeController - 2024/07/20 0:00:00 
2024-07-24 00:27:31.5348 INFO  [41] KintaiAuto.Controllers.HomeController - 2024/07/21 0:00:00 
2024-07-24 00:27:31.6072 INFO  [41] KintaiAuto.Controllers.HomeController - 2024/07/22 0:00:00 
2024-07-24 00:27:31.7149 INFO  [41] KintaiAuto.Controllers.HomeController - 2024/07/23 0:00:00 
2024-07-24 00:27:31.8217 INFO  [41] KintaiAuto.Controllers.HomeController - 2024/07/24 0:00:00 
2024-07-24 00:27:31.9280 INFO  [41] KintaiAuto.Controllers.HomeController - 2024/07/25 0:00:00 
2024-07-24 00:27:32.0028 INFO  [41] KintaiAuto.Controllers.HomeController - 2024/07/26 0:00:00 
2024-07-24 00:27:32.0754 INFO  [41] KintaiAuto.Controllers.HomeController - 2024/07/27 0:00:00 
2024-07-24 00:27:32.1503 INFO  [41] KintaiAuto.Controllers.HomeController - 2024/07/28 0:00:00 
2024-07-24 00:27:32.2261 INFO  [41] KintaiAuto.Controllers.HomeController - 2024/07/29 0:00:00 
2024-07-24 00:27:32.3022 INFO  [41] KintaiAuto.Controllers.HomeController - 2024/07/30 0:00:00 
2024-07-24 00:27:32.3810 INFO  [41] KintaiAuto.Controllers.HomeController - 2024/07/31 0:00:00 
2024-07-24 00:27:32.4874 INFO  [41] KintaiAuto.Controllers.HomeController - 31 
2024-07-24 22:23:24.1971 INFO  [7] KintaiAuto.Controllers.HomeController - ログイン情報読込 
2024-07-24 22:23:24.2857 INFO  [7] KintaiAuto.Controllers.HomeController - oyama.shota@alhinc.jp 
2024-07-24 22:23:28.1399 INFO  [7] KintaiAuto.Controllers.HomeController - 楽楽清算ログイン成功 
2024-07-24 22:23:28.3106 INFO  [7] KintaiAuto.Controllers.HomeController - 楽楽清算-一時保存 
2024-07-24 22:23:28.6981 INFO  [7] KintaiAuto.Controllers.HomeController - 楽楽清算-通勤費画面 
2024-07-24 22:23:30.7007 INFO  [7] KintaiAuto.Controllers.HomeController - 電車（国内） / 柚須 ＞ 博多 
2024-07-24 22:23:32.9516 INFO  [7] KintaiAuto.Controllers.HomeController - recoluログイン成功 
2024-07-24 22:23:33.4723 INFO  [7] KintaiAuto.Controllers.HomeController - 32 
2024-07-24 22:23:33.7563 INFO  [7] KintaiAuto.Controllers.HomeController - 2024/07/01 0:00:00 
2024-07-24 22:23:33.8636 INFO  [7] KintaiAuto.Controllers.HomeController - 2024/07/02 0:00:00 
2024-07-24 22:23:33.9685 INFO  [7] KintaiAuto.Controllers.HomeController - 2024/07/03 0:00:00 
2024-07-24 22:23:34.0742 INFO  [7] KintaiAuto.Controllers.HomeController - 2024/07/04 0:00:00 
2024-07-24 22:23:34.1777 INFO  [7] KintaiAuto.Controllers.HomeController - 2024/07/05 0:00:00 
2024-07-24 22:23:34.2908 INFO  [7] KintaiAuto.Controllers.HomeController - 2024/07/06 0:00:00 
2024-07-24 22:23:34.3605 INFO  [7] KintaiAuto.Controllers.HomeController - 2024/07/07 0:00:00 
2024-07-24 22:23:34.4271 INFO  [7] KintaiAuto.Controllers.HomeController - 2024/07/08 0:00:00 
2024-07-24 22:23:34.5343 INFO  [7] KintaiAuto.Controllers.HomeController - 2024/07/09 0:00:00 
2024-07-24 22:23:34.6364 INFO  [7] KintaiAuto.Controllers.HomeController - 2024/07/10 0:00:00 
2024-07-24 22:23:34.7408 INFO  [7] KintaiAuto.Controllers.HomeController - 2024/07/11 0:00:00 
2024-07-24 22:23:34.8442 INFO  [7] KintaiAuto.Controllers.HomeController - 2024/07/12 0:00:00 
2024-07-24 22:23:34.9519 INFO  [7] KintaiAuto.Controllers.HomeController - 2024/07/13 0:00:00 
2024-07-24 22:23:35.0202 INFO  [7] KintaiAuto.Controllers.HomeController - 2024/07/14 0:00:00 
2024-07-24 22:23:35.0879 INFO  [7] KintaiAuto.Controllers.HomeController - 2024/07/15 0:00:00 
2024-07-24 22:23:35.1605 INFO  [7] KintaiAuto.Controllers.HomeController - 2024/07/16 0:00:00 
2024-07-24 22:23:35.2655 INFO  [7] KintaiAuto.Controllers.HomeController - 2024/07/17 0:00:00 
2024-07-24 22:23:35.3712 INFO  [7] KintaiAuto.Controllers.HomeController - 2024/07/18 0:00:00 
2024-07-24 22:23:35.4755 INFO  [7] KintaiAuto.Controllers.HomeController - 2024/07/19 0:00:00 
2024-07-24 22:23:35.5859 INFO  [7] KintaiAuto.Controllers.HomeController - 2024/07/20 0:00:00 
2024-07-24 22:23:35.6578 INFO  [7] KintaiAuto.Controllers.HomeController - 2024/07/21 0:00:00 
2024-07-24 22:23:35.7314 INFO  [7] KintaiAuto.Controllers.HomeController - 2024/07/22 0:00:00 
2024-07-24 22:23:35.8411 INFO  [7] KintaiAuto.Controllers.HomeController - 2024/07/23 0:00:00 
2024-07-24 22:23:35.9486 INFO  [7] KintaiAuto.Controllers.HomeController - 2024/07/24 0:00:00 
2024-07-24 22:23:36.0587 INFO  [7] KintaiAuto.Controllers.HomeController - 2024/07/25 0:00:00 
2024-07-24 22:23:36.1676 INFO  [7] KintaiAuto.Controllers.HomeController - 2024/07/26 0:00:00 
2024-07-24 22:23:36.2391 INFO  [7] KintaiAuto.Controllers.HomeController - 2024/07/27 0:00:00 
2024-07-24 22:23:36.3115 INFO  [7] KintaiAuto.Controllers.HomeController - 2024/07/28 0:00:00 
2024-07-24 22:23:36.3821 INFO  [7] KintaiAuto.Controllers.HomeController - 2024/07/29 0:00:00 
2024-07-24 22:23:36.4536 INFO  [7] KintaiAuto.Controllers.HomeController - 2024/07/30 0:00:00 
2024-07-24 22:23:36.5240 INFO  [7] KintaiAuto.Controllers.HomeController - 2024/07/31 0:00:00 
2024-07-24 22:23:36.6156 INFO  [7] KintaiAuto.Controllers.HomeController - 31 
2024-07-24 22:23:58.1109 INFO  [18] KintaiAuto.Controllers.HomeController - 楽楽清算ログイン成功 
2024-07-24 22:23:58.2746 INFO  [18] KintaiAuto.Controllers.HomeController - 楽楽清算-一時保存 
2024-07-24 22:23:58.6369 INFO  [18] KintaiAuto.Controllers.HomeController - 楽楽清算-通勤費画面 
2024-07-24 22:24:04.2675 ERROR [18] KintaiAuto.Controllers.HomeController -    at OpenQA.Selenium.WebDriver.UnpackAndThrowOnError(Response errorResponse, String commandToExecute)
   at OpenQA.Selenium.WebDriver.ExecuteAsync(String driverCommandToExecute, Dictionary`2 parameters)
   at OpenQA.Selenium.WebDriver.InternalExecute(String driverCommandToExecute, Dictionary`2 parameters)
   at OpenQA.Selenium.TargetLocator.Alert()
   at KintaiAuto.Controllers.HomeController.breakTimewrite(IWebElement _tr, Kintai _kintai, ChromeDriver chrome) in D:\work\Kintai_Auto\KintaiAuto\Controllers\HomeController.cs:line 342
   at KintaiAuto.Controllers.HomeController.Update(KintaiView model) in D:\work\Kintai_Auto\KintaiAuto\Controllers\HomeController.cs:line 167 
2024-07-24 22:27:41.0749 INFO  [36] KintaiAuto.Controllers.HomeController - 楽楽清算ログイン成功 
2024-07-24 22:27:41.2397 INFO  [36] KintaiAuto.Controllers.HomeController - 楽楽清算-一時保存 
2024-07-24 22:27:41.5822 INFO  [36] KintaiAuto.Controllers.HomeController - 楽楽清算-通勤費画面 
2024-07-24 22:40:00.0596 ERROR [36] KintaiAuto.Controllers.HomeController -    at OpenQA.Selenium.WebDriver.UnpackAndThrowOnError(Response errorResponse, String commandToExecute)
   at OpenQA.Selenium.WebDriver.ExecuteAsync(String driverCommandToExecute, Dictionary`2 parameters)
   at OpenQA.Selenium.WebDriver.InternalExecute(String driverCommandToExecute, Dictionary`2 parameters)
   at OpenQA.Selenium.TargetLocator.Alert()
   at KintaiAuto.Controllers.HomeController.breakTimewrite(IWebElement _tr, Kintai _kintai, ChromeDriver chrome, WebDriverWait wait)
   at KintaiAuto.Controllers.HomeController.Update(KintaiView model) 
2024-07-24 22:43:33.7185 INFO  [9] KintaiAuto.Controllers.HomeController - ログイン情報読込 
2024-07-24 22:43:33.7829 INFO  [9] KintaiAuto.Controllers.HomeController - oyama.shota@alhinc.jp 
2024-07-24 22:43:36.9773 INFO  [9] KintaiAuto.Controllers.HomeController - 楽楽清算ログイン成功 
2024-07-24 22:43:37.1643 INFO  [9] KintaiAuto.Controllers.HomeController - 楽楽清算-一時保存 
2024-07-24 22:43:37.5493 INFO  [9] KintaiAuto.Controllers.HomeController - 楽楽清算-通勤費画面 
2024-07-24 22:43:39.0431 INFO  [9] KintaiAuto.Controllers.HomeController - 電車（国内） / 柚須 ＞ 博多 
2024-07-24 22:43:41.5539 INFO  [9] KintaiAuto.Controllers.HomeController - recoluログイン成功 
2024-07-24 22:43:42.0562 INFO  [9] KintaiAuto.Controllers.HomeController - 32 
2024-07-24 22:43:42.3420 INFO  [9] KintaiAuto.Controllers.HomeController - 2024/07/01 0:00:00 
2024-07-24 22:43:42.4524 INFO  [9] KintaiAuto.Controllers.HomeController - 2024/07/02 0:00:00 
2024-07-24 22:43:42.5563 INFO  [9] KintaiAuto.Controllers.HomeController - 2024/07/03 0:00:00 
2024-07-24 22:43:42.6606 INFO  [9] KintaiAuto.Controllers.HomeController - 2024/07/04 0:00:00 
2024-07-24 22:43:42.7638 INFO  [9] KintaiAuto.Controllers.HomeController - 2024/07/05 0:00:00 
2024-07-24 22:43:42.8743 INFO  [9] KintaiAuto.Controllers.HomeController - 2024/07/06 0:00:00 
2024-07-24 22:43:42.9437 INFO  [9] KintaiAuto.Controllers.HomeController - 2024/07/07 0:00:00 
2024-07-24 22:43:43.0132 INFO  [9] KintaiAuto.Controllers.HomeController - 2024/07/08 0:00:00 
2024-07-24 22:43:43.1179 INFO  [9] KintaiAuto.Controllers.HomeController - 2024/07/09 0:00:00 
2024-07-24 22:43:43.2210 INFO  [9] KintaiAuto.Controllers.HomeController - 2024/07/10 0:00:00 
2024-07-24 22:43:43.3266 INFO  [9] KintaiAuto.Controllers.HomeController - 2024/07/11 0:00:00 
2024-07-24 22:43:43.4287 INFO  [9] KintaiAuto.Controllers.HomeController - 2024/07/12 0:00:00 
2024-07-24 22:43:43.5331 INFO  [9] KintaiAuto.Controllers.HomeController - 2024/07/13 0:00:00 
2024-07-24 22:43:43.6032 INFO  [9] KintaiAuto.Controllers.HomeController - 2024/07/14 0:00:00 
2024-07-24 22:43:43.6719 INFO  [9] KintaiAuto.Controllers.HomeController - 2024/07/15 0:00:00 
2024-07-24 22:43:43.7428 INFO  [9] KintaiAuto.Controllers.HomeController - 2024/07/16 0:00:00 
2024-07-24 22:43:43.8492 INFO  [9] KintaiAuto.Controllers.HomeController - 2024/07/17 0:00:00 
2024-07-24 22:43:43.9563 INFO  [9] KintaiAuto.Controllers.HomeController - 2024/07/18 0:00:00 
2024-07-24 22:43:44.0614 INFO  [9] KintaiAuto.Controllers.HomeController - 2024/07/19 0:00:00 
2024-07-24 22:43:44.1735 INFO  [9] KintaiAuto.Controllers.HomeController - 2024/07/20 0:00:00 
2024-07-24 22:43:44.2458 INFO  [9] KintaiAuto.Controllers.HomeController - 2024/07/21 0:00:00 
2024-07-24 22:43:44.3179 INFO  [9] KintaiAuto.Controllers.HomeController - 2024/07/22 0:00:00 
2024-07-24 22:43:44.4253 INFO  [9] KintaiAuto.Controllers.HomeController - 2024/07/23 0:00:00 
2024-07-24 22:43:44.5303 INFO  [9] KintaiAuto.Controllers.HomeController - 2024/07/24 0:00:00 
2024-07-24 22:43:44.6391 INFO  [9] KintaiAuto.Controllers.HomeController - 2024/07/25 0:00:00 
2024-07-24 22:43:44.7438 INFO  [9] KintaiAuto.Controllers.HomeController - 2024/07/26 0:00:00 
2024-07-24 22:43:44.8164 INFO  [9] KintaiAuto.Controllers.HomeController - 2024/07/27 0:00:00 
2024-07-24 22:43:44.8905 INFO  [9] KintaiAuto.Controllers.HomeController - 2024/07/28 0:00:00 
2024-07-24 22:43:44.9618 INFO  [9] KintaiAuto.Controllers.HomeController - 2024/07/29 0:00:00 
2024-07-24 22:43:45.0359 INFO  [9] KintaiAuto.Controllers.HomeController - 2024/07/30 0:00:00 
2024-07-24 22:43:45.1072 INFO  [9] KintaiAuto.Controllers.HomeController - 2024/07/31 0:00:00 
2024-07-24 22:43:45.2092 INFO  [9] KintaiAuto.Controllers.HomeController - 31 
2024-07-24 22:43:56.5375 INFO  [8] KintaiAuto.Controllers.HomeController - 楽楽清算ログイン成功 
2024-07-24 22:43:56.7107 INFO  [8] KintaiAuto.Controllers.HomeController - 楽楽清算-一時保存 
2024-07-24 22:43:57.0897 INFO  [8] KintaiAuto.Controllers.HomeController - 楽楽清算-通勤費画面 
2024-07-24 22:44:28.2714 ERROR [8] KintaiAuto.Controllers.HomeController -    at OpenQA.Selenium.WebDriver.UnpackAndThrowOnError(Response errorResponse, String commandToExecute)
   at OpenQA.Selenium.WebDriver.ExecuteAsync(String driverCommandToExecute, Dictionary`2 parameters)
   at OpenQA.Selenium.WebDriver.InternalExecute(String driverCommandToExecute, Dictionary`2 parameters)
   at OpenQA.Selenium.TargetLocator.Alert()
   at KintaiAuto.Controllers.HomeController.Update(KintaiView model) in D:\work\Kintai_Auto\KintaiAuto\Controllers\HomeController.cs:line 179 
2024-07-24 22:46:06.2376 INFO  [34] KintaiAuto.Controllers.HomeController - 楽楽清算ログイン成功 
2024-07-24 22:46:06.4063 INFO  [34] KintaiAuto.Controllers.HomeController - 楽楽清算-一時保存 
2024-07-24 22:46:06.8054 INFO  [34] KintaiAuto.Controllers.HomeController - 楽楽清算-通勤費画面 
2024-07-24 22:47:21.0006 ERROR [34] KintaiAuto.Controllers.HomeController -    at OpenQA.Selenium.Support.UI.DefaultWait`1.ThrowTimeoutException(String exceptionMessage, Exception lastException)
   at OpenQA.Selenium.Support.UI.DefaultWait`1.Until[TResult](Func`2 condition, CancellationToken token)
   at OpenQA.Selenium.Support.UI.DefaultWait`1.Until[TResult](Func`2 condition)
   at KintaiAuto.Controllers.HomeController.breakTimewrite(IWebElement _tr, Kintai _kintai, ChromeDriver chrome, WebDriverWait wait)
   at KintaiAuto.Controllers.HomeController.Update(KintaiView model) 
2024-07-24 22:47:45.1379 INFO  [61] KintaiAuto.Controllers.HomeController - 楽楽清算ログイン成功 
2024-07-24 22:47:45.3029 INFO  [61] KintaiAuto.Controllers.HomeController - 楽楽清算-一時保存 
2024-07-24 22:47:45.7112 INFO  [61] KintaiAuto.Controllers.HomeController - 楽楽清算-通勤費画面 
2024-07-24 22:48:32.9372 ERROR [61] KintaiAuto.Controllers.HomeController -    at OpenQA.Selenium.WebDriver.UnpackAndThrowOnError(Response errorResponse, String commandToExecute)
   at OpenQA.Selenium.WebDriver.ExecuteAsync(String driverCommandToExecute, Dictionary`2 parameters)
   at OpenQA.Selenium.WebDriver.InternalExecute(String driverCommandToExecute, Dictionary`2 parameters)
   at OpenQA.Selenium.TargetLocator.Alert()
   at KintaiAuto.Controllers.HomeController.Update(KintaiView model) 
2024-07-24 22:50:43.9639 INFO  [83] KintaiAuto.Controllers.HomeController - 楽楽清算ログイン成功 
2024-07-24 22:50:44.1258 INFO  [83] KintaiAuto.Controllers.HomeController - 楽楽清算-一時保存 
2024-07-24 22:50:44.4697 INFO  [83] KintaiAuto.Controllers.HomeController - 楽楽清算-通勤費画面 
2024-07-24 22:57:23.7311 INFO  [6] KintaiAuto.Controllers.HomeController - ログイン情報読込 
2024-07-24 22:57:23.7908 INFO  [6] KintaiAuto.Controllers.HomeController - oyama.shota@alhinc.jp 
2024-07-24 22:57:26.7369 INFO  [6] KintaiAuto.Controllers.HomeController - 楽楽清算ログイン成功 
2024-07-24 22:57:26.9052 INFO  [6] KintaiAuto.Controllers.HomeController - 楽楽清算-一時保存 
2024-07-24 22:57:27.2460 INFO  [6] KintaiAuto.Controllers.HomeController - 楽楽清算-通勤費画面 
2024-07-24 22:57:28.6231 INFO  [6] KintaiAuto.Controllers.HomeController - 電車（国内） / 柚須 ＞ 博多 
2024-07-24 22:57:31.1863 INFO  [6] KintaiAuto.Controllers.HomeController - recoluログイン成功 
2024-07-24 22:57:31.6942 INFO  [6] KintaiAuto.Controllers.HomeController - 32 
2024-07-24 22:57:31.9800 INFO  [6] KintaiAuto.Controllers.HomeController - 2024/07/01 0:00:00 
2024-07-24 22:57:32.0891 INFO  [6] KintaiAuto.Controllers.HomeController - 2024/07/02 0:00:00 
2024-07-24 22:57:32.1963 INFO  [6] KintaiAuto.Controllers.HomeController - 2024/07/03 0:00:00 
2024-07-24 22:57:32.2988 INFO  [6] KintaiAuto.Controllers.HomeController - 2024/07/04 0:00:00 
2024-07-24 22:57:32.4017 INFO  [6] KintaiAuto.Controllers.HomeController - 2024/07/05 0:00:00 
2024-07-24 22:57:32.5097 INFO  [6] KintaiAuto.Controllers.HomeController - 2024/07/06 0:00:00 
2024-07-24 22:57:32.5784 INFO  [6] KintaiAuto.Controllers.HomeController - 2024/07/07 0:00:00 
2024-07-24 22:57:32.6475 INFO  [6] KintaiAuto.Controllers.HomeController - 2024/07/08 0:00:00 
2024-07-24 22:57:32.7566 INFO  [6] KintaiAuto.Controllers.HomeController - 2024/07/09 0:00:00 
2024-07-24 22:57:32.8639 INFO  [6] KintaiAuto.Controllers.HomeController - 2024/07/10 0:00:00 
2024-07-24 22:57:32.9683 INFO  [6] KintaiAuto.Controllers.HomeController - 2024/07/11 0:00:00 
2024-07-24 22:57:33.0738 INFO  [6] KintaiAuto.Controllers.HomeController - 2024/07/12 0:00:00 
2024-07-24 22:57:33.1809 INFO  [6] KintaiAuto.Controllers.HomeController - 2024/07/13 0:00:00 
2024-07-24 22:57:33.2521 INFO  [6] KintaiAuto.Controllers.HomeController - 2024/07/14 0:00:00 
2024-07-24 22:57:33.3206 INFO  [6] KintaiAuto.Controllers.HomeController - 2024/07/15 0:00:00 
2024-07-24 22:57:33.3946 INFO  [6] KintaiAuto.Controllers.HomeController - 2024/07/16 0:00:00 
2024-07-24 22:57:33.5014 INFO  [6] KintaiAuto.Controllers.HomeController - 2024/07/17 0:00:00 
2024-07-24 22:57:33.6063 INFO  [6] KintaiAuto.Controllers.HomeController - 2024/07/18 0:00:00 
2024-07-24 22:57:33.7123 INFO  [6] KintaiAuto.Controllers.HomeController - 2024/07/19 0:00:00 
2024-07-24 22:57:33.8217 INFO  [6] KintaiAuto.Controllers.HomeController - 2024/07/20 0:00:00 
2024-07-24 22:57:33.8952 INFO  [6] KintaiAuto.Controllers.HomeController - 2024/07/21 0:00:00 
2024-07-24 22:57:33.9684 INFO  [6] KintaiAuto.Controllers.HomeController - 2024/07/22 0:00:00 
2024-07-24 22:57:34.0759 INFO  [6] KintaiAuto.Controllers.HomeController - 2024/07/23 0:00:00 
2024-07-24 22:57:34.1829 INFO  [6] KintaiAuto.Controllers.HomeController - 2024/07/24 0:00:00 
2024-07-24 22:57:34.2922 INFO  [6] KintaiAuto.Controllers.HomeController - 2024/07/25 0:00:00 
2024-07-24 22:57:34.3994 INFO  [6] KintaiAuto.Controllers.HomeController - 2024/07/26 0:00:00 
2024-07-24 22:57:34.4729 INFO  [6] KintaiAuto.Controllers.HomeController - 2024/07/27 0:00:00 
2024-07-24 22:57:34.5553 INFO  [6] KintaiAuto.Controllers.HomeController - 2024/07/28 0:00:00 
2024-07-24 22:57:34.6342 INFO  [6] KintaiAuto.Controllers.HomeController - 2024/07/29 0:00:00 
2024-07-24 22:57:34.7134 INFO  [6] KintaiAuto.Controllers.HomeController - 2024/07/30 0:00:00 
2024-07-24 22:57:34.7913 INFO  [6] KintaiAuto.Controllers.HomeController - 2024/07/31 0:00:00 
2024-07-24 22:57:34.8899 INFO  [6] KintaiAuto.Controllers.HomeController - 31 
2024-07-24 22:57:46.6799 INFO  [7] KintaiAuto.Controllers.HomeController - 楽楽清算ログイン成功 
2024-07-24 22:57:46.8450 INFO  [7] KintaiAuto.Controllers.HomeController - 楽楽清算-一時保存 
2024-07-24 22:57:48.3739 INFO  [7] KintaiAuto.Controllers.HomeController - 楽楽清算-通勤費画面 
2024-07-24 23:13:12.9379 INFO  [11] KintaiAuto.Controllers.HomeController - ログイン情報読込 
2024-07-24 23:13:12.9765 INFO  [11] KintaiAuto.Controllers.HomeController - oyama.shota@alhinc.jp 
2024-07-24 23:13:16.4585 INFO  [11] KintaiAuto.Controllers.HomeController - 楽楽清算ログイン成功 
2024-07-24 23:13:16.6272 INFO  [11] KintaiAuto.Controllers.HomeController - 楽楽清算-一時保存 
2024-07-24 23:13:17.0766 INFO  [11] KintaiAuto.Controllers.HomeController - 楽楽清算-通勤費画面 
2024-07-24 23:13:18.5008 INFO  [11] KintaiAuto.Controllers.HomeController - 電車（国内） / 柚須 ＞ 博多 
2024-07-24 23:13:21.1220 INFO  [11] KintaiAuto.Controllers.HomeController - recoluログイン成功 
2024-07-24 23:13:21.6215 INFO  [11] KintaiAuto.Controllers.HomeController - 32 
2024-07-24 23:13:21.8954 INFO  [11] KintaiAuto.Controllers.HomeController - 2024/07/01 0:00:00 
2024-07-24 23:13:21.9828 INFO  [11] KintaiAuto.Controllers.HomeController - 2024/07/02 0:00:00 
2024-07-24 23:13:22.0653 INFO  [11] KintaiAuto.Controllers.HomeController - 2024/07/03 0:00:00 
2024-07-24 23:13:22.1510 INFO  [11] KintaiAuto.Controllers.HomeController - 2024/07/04 0:00:00 
2024-07-24 23:13:22.2353 INFO  [11] KintaiAuto.Controllers.HomeController - 2024/07/05 0:00:00 
2024-07-24 23:13:22.3235 INFO  [11] KintaiAuto.Controllers.HomeController - 2024/07/06 0:00:00 
2024-07-24 23:13:22.3766 INFO  [11] KintaiAuto.Controllers.HomeController - 2024/07/07 0:00:00 
2024-07-24 23:13:22.4306 INFO  [11] KintaiAuto.Controllers.HomeController - 2024/07/08 0:00:00 
2024-07-24 23:13:22.5123 INFO  [11] KintaiAuto.Controllers.HomeController - 2024/07/09 0:00:00 
2024-07-24 23:13:22.5953 INFO  [11] KintaiAuto.Controllers.HomeController - 2024/07/10 0:00:00 
2024-07-24 23:13:22.6769 INFO  [11] KintaiAuto.Controllers.HomeController - 2024/07/11 0:00:00 
2024-07-24 23:13:22.7618 INFO  [11] KintaiAuto.Controllers.HomeController - 2024/07/12 0:00:00 
2024-07-24 23:13:22.8429 INFO  [11] KintaiAuto.Controllers.HomeController - 2024/07/13 0:00:00 
2024-07-24 23:13:22.8965 INFO  [11] KintaiAuto.Controllers.HomeController - 2024/07/14 0:00:00 
2024-07-24 23:13:22.9498 INFO  [11] KintaiAuto.Controllers.HomeController - 2024/07/15 0:00:00 
2024-07-24 23:13:23.0036 INFO  [11] KintaiAuto.Controllers.HomeController - 2024/07/16 0:00:00 
2024-07-24 23:13:23.0840 INFO  [11] KintaiAuto.Controllers.HomeController - 2024/07/17 0:00:00 
2024-07-24 23:13:23.1661 INFO  [11] KintaiAuto.Controllers.HomeController - 2024/07/18 0:00:00 
2024-07-24 23:13:23.2485 INFO  [11] KintaiAuto.Controllers.HomeController - 2024/07/19 0:00:00 
2024-07-24 23:13:23.3318 INFO  [11] KintaiAuto.Controllers.HomeController - 2024/07/20 0:00:00 
2024-07-24 23:13:23.3843 INFO  [11] KintaiAuto.Controllers.HomeController - 2024/07/21 0:00:00 
2024-07-24 23:13:23.4389 INFO  [11] KintaiAuto.Controllers.HomeController - 2024/07/22 0:00:00 
2024-07-24 23:13:23.5207 INFO  [11] KintaiAuto.Controllers.HomeController - 2024/07/23 0:00:00 
2024-07-24 23:13:23.6044 INFO  [11] KintaiAuto.Controllers.HomeController - 2024/07/24 0:00:00 
2024-07-24 23:13:23.6863 INFO  [11] KintaiAuto.Controllers.HomeController - 2024/07/25 0:00:00 
2024-07-24 23:13:23.7712 INFO  [11] KintaiAuto.Controllers.HomeController - 2024/07/26 0:00:00 
2024-07-24 23:13:23.8310 INFO  [11] KintaiAuto.Controllers.HomeController - 2024/07/27 0:00:00 
2024-07-24 23:13:23.8884 INFO  [11] KintaiAuto.Controllers.HomeController - 2024/07/28 0:00:00 
2024-07-24 23:13:23.9469 INFO  [11] KintaiAuto.Controllers.HomeController - 2024/07/29 0:00:00 
2024-07-24 23:13:24.0059 INFO  [11] KintaiAuto.Controllers.HomeController - 2024/07/30 0:00:00 
2024-07-24 23:13:24.0646 INFO  [11] KintaiAuto.Controllers.HomeController - 2024/07/31 0:00:00 
2024-07-24 23:13:24.1526 INFO  [11] KintaiAuto.Controllers.HomeController - 31 
2024-07-24 23:14:20.8836 INFO  [20] KintaiAuto.Controllers.HomeController - 楽楽清算ログイン成功 
2024-07-24 23:14:21.0373 INFO  [20] KintaiAuto.Controllers.HomeController - 楽楽清算-一時保存 
2024-07-24 23:14:21.3805 INFO  [20] KintaiAuto.Controllers.HomeController - 楽楽清算-通勤費画面 
2024-07-24 23:14:22.9388 INFO  [20] KintaiAuto.Controllers.HomeController - 電車（国内） / 柚須 ＞ 博多 
2024-07-24 23:14:25.3483 INFO  [20] KintaiAuto.Controllers.HomeController - recoluログイン成功 
2024-07-24 23:14:25.7980 INFO  [20] KintaiAuto.Controllers.HomeController - 32 
2024-07-24 23:14:25.8362 INFO  [20] KintaiAuto.Controllers.HomeController - 2024/07/01 0:00:00 
2024-07-24 23:14:25.9678 INFO  [20] KintaiAuto.Controllers.HomeController - 2024/07/02 0:00:00 
2024-07-24 23:14:26.0819 INFO  [20] KintaiAuto.Controllers.HomeController - 2024/07/03 0:00:00 
2024-07-24 23:14:26.1949 INFO  [20] KintaiAuto.Controllers.HomeController - 2024/07/04 0:00:00 
2024-07-24 23:14:26.2862 INFO  [20] KintaiAuto.Controllers.HomeController - 2024/07/05 0:00:00 
2024-07-24 23:14:26.3849 INFO  [20] KintaiAuto.Controllers.HomeController - 2024/07/06 0:00:00 
2024-07-24 23:14:26.4540 INFO  [20] KintaiAuto.Controllers.HomeController - 2024/07/07 0:00:00 
2024-07-24 23:14:26.5225 INFO  [20] KintaiAuto.Controllers.HomeController - 2024/07/08 0:00:00 
2024-07-24 23:14:26.6271 INFO  [20] KintaiAuto.Controllers.HomeController - 2024/07/09 0:00:00 
2024-07-24 23:14:26.7241 INFO  [20] KintaiAuto.Controllers.HomeController - 2024/07/10 0:00:00 
2024-07-24 23:14:26.8194 INFO  [20] KintaiAuto.Controllers.HomeController - 2024/07/11 0:00:00 
2024-07-24 23:14:26.9129 INFO  [20] KintaiAuto.Controllers.HomeController - 2024/07/12 0:00:00 
2024-07-24 23:14:27.0049 INFO  [20] KintaiAuto.Controllers.HomeController - 2024/07/13 0:00:00 
2024-07-24 23:14:27.0662 INFO  [20] KintaiAuto.Controllers.HomeController - 2024/07/14 0:00:00 
2024-07-24 23:14:27.1272 INFO  [20] KintaiAuto.Controllers.HomeController - 2024/07/15 0:00:00 
2024-07-24 23:14:27.1903 INFO  [20] KintaiAuto.Controllers.HomeController - 2024/07/16 0:00:00 
2024-07-24 23:14:27.2807 INFO  [20] KintaiAuto.Controllers.HomeController - 2024/07/17 0:00:00 
2024-07-24 23:14:27.3673 INFO  [20] KintaiAuto.Controllers.HomeController - 2024/07/18 0:00:00 
2024-07-24 23:14:27.4523 INFO  [20] KintaiAuto.Controllers.HomeController - 2024/07/19 0:00:00 
2024-07-24 23:14:27.5436 INFO  [20] KintaiAuto.Controllers.HomeController - 2024/07/20 0:00:00 
2024-07-24 23:14:27.6017 INFO  [20] KintaiAuto.Controllers.HomeController - 2024/07/21 0:00:00 
2024-07-24 23:14:27.6609 INFO  [20] KintaiAuto.Controllers.HomeController - 2024/07/22 0:00:00 
2024-07-24 23:14:27.7567 INFO  [20] KintaiAuto.Controllers.HomeController - 2024/07/23 0:00:00 
2024-07-24 23:14:27.8495 INFO  [20] KintaiAuto.Controllers.HomeController - 2024/07/24 0:00:00 
2024-07-24 23:14:27.9337 INFO  [20] KintaiAuto.Controllers.HomeController - 2024/07/25 0:00:00 
2024-07-24 23:14:28.0307 INFO  [20] KintaiAuto.Controllers.HomeController - 2024/07/26 0:00:00 
2024-07-24 23:14:28.0971 INFO  [20] KintaiAuto.Controllers.HomeController - 2024/07/27 0:00:00 
2024-07-24 23:14:28.1597 INFO  [20] KintaiAuto.Controllers.HomeController - 2024/07/28 0:00:00 
2024-07-24 23:14:28.2197 INFO  [20] KintaiAuto.Controllers.HomeController - 2024/07/29 0:00:00 
2024-07-24 23:14:28.2837 INFO  [20] KintaiAuto.Controllers.HomeController - 2024/07/30 0:00:00 
2024-07-24 23:14:28.3486 INFO  [20] KintaiAuto.Controllers.HomeController - 2024/07/31 0:00:00 
2024-07-24 23:14:28.4336 INFO  [20] KintaiAuto.Controllers.HomeController - 31 
2024-07-24 23:14:52.3629 INFO  [20] KintaiAuto.Controllers.HomeController - 楽楽清算ログイン成功 
2024-07-24 23:14:52.5294 INFO  [20] KintaiAuto.Controllers.HomeController - 楽楽清算-一時保存 
2024-07-24 23:14:52.8834 INFO  [20] KintaiAuto.Controllers.HomeController - 楽楽清算-通勤費画面 
2024-07-24 23:15:42.3539 INFO  [20] KintaiAuto.Controllers.HomeController - 楽楽清算ログイン成功 
2024-07-24 23:15:42.5184 INFO  [20] KintaiAuto.Controllers.HomeController - 楽楽清算-一時保存 
2024-07-24 23:15:42.9022 INFO  [20] KintaiAuto.Controllers.HomeController - 楽楽清算-通勤費画面 
2024-07-24 23:16:28.6702 INFO  [53] KintaiAuto.Controllers.HomeController - 楽楽清算ログイン成功 
2024-07-24 23:16:28.8306 INFO  [53] KintaiAuto.Controllers.HomeController - 楽楽清算-一時保存 
2024-07-24 23:16:29.2010 INFO  [53] KintaiAuto.Controllers.HomeController - 楽楽清算-通勤費画面 
2024-07-24 23:19:17.8448 INFO  [6] KintaiAuto.Controllers.HomeController - 楽楽清算ログイン成功 
2024-07-24 23:19:18.0371 INFO  [6] KintaiAuto.Controllers.HomeController - 楽楽清算-一時保存 
2024-07-24 23:19:18.4246 INFO  [6] KintaiAuto.Controllers.HomeController - 楽楽清算-通勤費画面 
2024-07-24 23:21:23.6613 INFO  [6] KintaiAuto.Controllers.HomeController - ログイン情報読込 
2024-07-24 23:21:23.7195 INFO  [6] KintaiAuto.Controllers.HomeController - oyama.shota@alhinc.jp 
2024-07-24 23:22:53.3846 INFO  [6] KintaiAuto.Controllers.HomeController - 楽楽清算ログイン成功 
2024-07-24 23:22:53.5537 INFO  [6] KintaiAuto.Controllers.HomeController - 楽楽清算-一時保存 
2024-07-24 23:22:53.9918 INFO  [6] KintaiAuto.Controllers.HomeController - 楽楽清算-通勤費画面 
2024-07-24 23:23:04.1138 INFO  [6] KintaiAuto.Controllers.HomeController - 電車（国内） / 柚須 ＞ 博多 
2024-07-24 23:23:06.4240 INFO  [6] KintaiAuto.Controllers.HomeController - recoluログイン成功 
2024-07-24 23:23:07.0099 INFO  [6] KintaiAuto.Controllers.HomeController - 32 
2024-07-24 23:23:07.2980 INFO  [6] KintaiAuto.Controllers.HomeController - 2024/07/01 0:00:00 
2024-07-24 23:23:07.4124 INFO  [6] KintaiAuto.Controllers.HomeController - 2024/07/02 0:00:00 
2024-07-24 23:23:07.5185 INFO  [6] KintaiAuto.Controllers.HomeController - 2024/07/03 0:00:00 
2024-07-24 23:23:07.6221 INFO  [6] KintaiAuto.Controllers.HomeController - 2024/07/04 0:00:00 
2024-07-24 23:23:07.7257 INFO  [6] KintaiAuto.Controllers.HomeController - 2024/07/05 0:00:00 
2024-07-24 23:23:07.8355 INFO  [6] KintaiAuto.Controllers.HomeController - 2024/07/06 0:00:00 
2024-07-24 23:23:07.9074 INFO  [6] KintaiAuto.Controllers.HomeController - 2024/07/07 0:00:00 
2024-07-24 23:23:07.9762 INFO  [6] KintaiAuto.Controllers.HomeController - 2024/07/08 0:00:00 
2024-07-24 23:23:08.0829 INFO  [6] KintaiAuto.Controllers.HomeController - 2024/07/09 0:00:00 
2024-07-24 23:23:08.1889 INFO  [6] KintaiAuto.Controllers.HomeController - 2024/07/10 0:00:00 
2024-07-24 23:23:08.2949 INFO  [6] KintaiAuto.Controllers.HomeController - 2024/07/11 0:00:00 
2024-07-24 23:23:08.3985 INFO  [6] KintaiAuto.Controllers.HomeController - 2024/07/12 0:00:00 
2024-07-24 23:23:08.5057 INFO  [6] KintaiAuto.Controllers.HomeController - 2024/07/13 0:00:00 
2024-07-24 23:23:08.5748 INFO  [6] KintaiAuto.Controllers.HomeController - 2024/07/14 0:00:00 
2024-07-24 23:23:08.6434 INFO  [6] KintaiAuto.Controllers.HomeController - 2024/07/15 0:00:00 
2024-07-24 23:23:08.7141 INFO  [6] KintaiAuto.Controllers.HomeController - 2024/07/16 0:00:00 
2024-07-24 23:23:08.8186 INFO  [6] KintaiAuto.Controllers.HomeController - 2024/07/17 0:00:00 
2024-07-24 23:23:08.9221 INFO  [6] KintaiAuto.Controllers.HomeController - 2024/07/18 0:00:00 
2024-07-24 23:23:09.0266 INFO  [6] KintaiAuto.Controllers.HomeController - 2024/07/19 0:00:00 
2024-07-24 23:23:09.1391 INFO  [6] KintaiAuto.Controllers.HomeController - 2024/07/20 0:00:00 
2024-07-24 23:23:09.2153 INFO  [6] KintaiAuto.Controllers.HomeController - 2024/07/21 0:00:00 
2024-07-24 23:23:09.2913 INFO  [6] KintaiAuto.Controllers.HomeController - 2024/07/22 0:00:00 
2024-07-24 23:23:09.4077 INFO  [6] KintaiAuto.Controllers.HomeController - 2024/07/23 0:00:00 
2024-07-24 23:23:09.5241 INFO  [6] KintaiAuto.Controllers.HomeController - 2024/07/24 0:00:00 
2024-07-24 23:23:09.6406 INFO  [6] KintaiAuto.Controllers.HomeController - 2024/07/25 0:00:00 
2024-07-24 23:23:09.7582 INFO  [6] KintaiAuto.Controllers.HomeController - 2024/07/26 0:00:00 
2024-07-24 23:23:09.8376 INFO  [6] KintaiAuto.Controllers.HomeController - 2024/07/27 0:00:00 
2024-07-24 23:23:09.9134 INFO  [6] KintaiAuto.Controllers.HomeController - 2024/07/28 0:00:00 
2024-07-24 23:23:09.9900 INFO  [6] KintaiAuto.Controllers.HomeController - 2024/07/29 0:00:00 
2024-07-24 23:23:10.0674 INFO  [6] KintaiAuto.Controllers.HomeController - 2024/07/30 0:00:00 
2024-07-24 23:23:10.1437 INFO  [6] KintaiAuto.Controllers.HomeController - 2024/07/31 0:00:00 
2024-07-24 23:23:10.2418 INFO  [6] KintaiAuto.Controllers.HomeController - 31 
2024-07-24 23:24:00.6682 INFO  [15] KintaiAuto.Controllers.HomeController - 楽楽清算ログイン成功 
2024-07-24 23:24:00.8311 INFO  [15] KintaiAuto.Controllers.HomeController - 楽楽清算-一時保存 
2024-07-24 23:24:01.2335 INFO  [15] KintaiAuto.Controllers.HomeController - 楽楽清算-通勤費画面 
2024-07-24 23:24:05.4744 INFO  [15] KintaiAuto.Controllers.HomeController - 電車（国内） / 柚須 ＞ 博多 
2024-07-24 23:24:07.7272 INFO  [15] KintaiAuto.Controllers.HomeController - recoluログイン成功 
2024-07-24 23:24:08.1807 INFO  [15] KintaiAuto.Controllers.HomeController - 32 
2024-07-24 23:24:08.2229 INFO  [15] KintaiAuto.Controllers.HomeController - 2024/07/01 0:00:00 
2024-07-24 23:24:08.3474 INFO  [15] KintaiAuto.Controllers.HomeController - 2024/07/02 0:00:00 
2024-07-24 23:24:08.4638 INFO  [15] KintaiAuto.Controllers.HomeController - 2024/07/03 0:00:00 
2024-07-24 23:24:08.5755 INFO  [15] KintaiAuto.Controllers.HomeController - 2024/07/04 0:00:00 
2024-07-24 23:24:08.6788 INFO  [15] KintaiAuto.Controllers.HomeController - 2024/07/05 0:00:00 
2024-07-24 23:24:08.7888 INFO  [15] KintaiAuto.Controllers.HomeController - 2024/07/06 0:00:00 
2024-07-24 23:24:08.8601 INFO  [15] KintaiAuto.Controllers.HomeController - 2024/07/07 0:00:00 
2024-07-24 23:24:08.9295 INFO  [15] KintaiAuto.Controllers.HomeController - 2024/07/08 0:00:00 
2024-07-24 23:24:09.0364 INFO  [15] KintaiAuto.Controllers.HomeController - 2024/07/09 0:00:00 
2024-07-24 23:24:09.1407 INFO  [15] KintaiAuto.Controllers.HomeController - 2024/07/10 0:00:00 
2024-07-24 23:24:09.2469 INFO  [15] KintaiAuto.Controllers.HomeController - 2024/07/11 0:00:00 
2024-07-24 23:24:09.3516 INFO  [15] KintaiAuto.Controllers.HomeController - 2024/07/12 0:00:00 
2024-07-24 23:24:09.4647 INFO  [15] KintaiAuto.Controllers.HomeController - 2024/07/13 0:00:00 
2024-07-24 23:24:09.5332 INFO  [15] KintaiAuto.Controllers.HomeController - 2024/07/14 0:00:00 
2024-07-24 23:24:09.6065 INFO  [15] KintaiAuto.Controllers.HomeController - 2024/07/15 0:00:00 
2024-07-24 23:24:09.6800 INFO  [15] KintaiAuto.Controllers.HomeController - 2024/07/16 0:00:00 
2024-07-24 23:24:09.7889 INFO  [15] KintaiAuto.Controllers.HomeController - 2024/07/17 0:00:00 
2024-07-24 23:24:09.9012 INFO  [15] KintaiAuto.Controllers.HomeController - 2024/07/18 0:00:00 
2024-07-24 23:24:10.0051 INFO  [15] KintaiAuto.Controllers.HomeController - 2024/07/19 0:00:00 
2024-07-24 23:24:10.1169 INFO  [15] KintaiAuto.Controllers.HomeController - 2024/07/20 0:00:00 
2024-07-24 23:24:10.1885 INFO  [15] KintaiAuto.Controllers.HomeController - 2024/07/21 0:00:00 
2024-07-24 23:24:10.2595 INFO  [15] KintaiAuto.Controllers.HomeController - 2024/07/22 0:00:00 
2024-07-24 23:24:10.3659 INFO  [15] KintaiAuto.Controllers.HomeController - 2024/07/23 0:00:00 
2024-07-24 23:24:10.4770 INFO  [15] KintaiAuto.Controllers.HomeController - 2024/07/24 0:00:00 
2024-07-24 23:24:10.5925 INFO  [15] KintaiAuto.Controllers.HomeController - 2024/07/25 0:00:00 
2024-07-24 23:24:10.7038 INFO  [15] KintaiAuto.Controllers.HomeController - 2024/07/26 0:00:00 
2024-07-24 23:24:10.7792 INFO  [15] KintaiAuto.Controllers.HomeController - 2024/07/27 0:00:00 
2024-07-24 23:24:10.8504 INFO  [15] KintaiAuto.Controllers.HomeController - 2024/07/28 0:00:00 
2024-07-24 23:24:10.9255 INFO  [15] KintaiAuto.Controllers.HomeController - 2024/07/29 0:00:00 
2024-07-24 23:24:11.0007 INFO  [15] KintaiAuto.Controllers.HomeController - 2024/07/30 0:00:00 
2024-07-24 23:24:11.0729 INFO  [15] KintaiAuto.Controllers.HomeController - 2024/07/31 0:00:00 
2024-07-24 23:24:11.1682 INFO  [15] KintaiAuto.Controllers.HomeController - 31 
2024-07-24 23:24:22.3836 INFO  [38] KintaiAuto.Controllers.HomeController - 楽楽清算ログイン成功 
2024-07-24 23:24:22.5486 INFO  [38] KintaiAuto.Controllers.HomeController - 楽楽清算-一時保存 
2024-07-24 23:24:22.9724 INFO  [38] KintaiAuto.Controllers.HomeController - 楽楽清算-通勤費画面 
2024-07-24 23:43:23.8696 INFO  [6] KintaiAuto.Controllers.HomeController - ログイン情報読込 
2024-07-24 23:43:23.9327 INFO  [6] KintaiAuto.Controllers.HomeController - oyama.shota@alhinc.jp 
2024-07-24 23:43:26.8375 INFO  [6] KintaiAuto.Controllers.HomeController - 楽楽清算ログイン成功 
2024-07-24 23:43:27.0088 INFO  [6] KintaiAuto.Controllers.HomeController - 楽楽清算-一時保存 
2024-07-24 23:43:27.4224 INFO  [6] KintaiAuto.Controllers.HomeController - 楽楽清算-通勤費画面 
2024-07-24 23:43:32.4657 INFO  [6] KintaiAuto.Controllers.HomeController - 電車（国内） / 柚須 ＞ 博多 
2024-07-24 23:43:34.8356 INFO  [6] KintaiAuto.Controllers.HomeController - recoluログイン成功 
2024-07-24 23:43:35.3323 INFO  [6] KintaiAuto.Controllers.HomeController - 32 
2024-07-24 23:43:35.6193 INFO  [6] KintaiAuto.Controllers.HomeController - 2024/07/01 0:00:00 
2024-07-24 23:43:35.7303 INFO  [6] KintaiAuto.Controllers.HomeController - 2024/07/02 0:00:00 
2024-07-24 23:43:35.8364 INFO  [6] KintaiAuto.Controllers.HomeController - 2024/07/03 0:00:00 
2024-07-24 23:43:35.9393 INFO  [6] KintaiAuto.Controllers.HomeController - 2024/07/04 0:00:00 
2024-07-24 23:43:36.0457 INFO  [6] KintaiAuto.Controllers.HomeController - 2024/07/05 0:00:00 
2024-07-24 23:43:36.1576 INFO  [6] KintaiAuto.Controllers.HomeController - 2024/07/06 0:00:00 
2024-07-24 23:43:36.2292 INFO  [6] KintaiAuto.Controllers.HomeController - 2024/07/07 0:00:00 
2024-07-24 23:43:36.2984 INFO  [6] KintaiAuto.Controllers.HomeController - 2024/07/08 0:00:00 
2024-07-24 23:43:36.4023 INFO  [6] KintaiAuto.Controllers.HomeController - 2024/07/09 0:00:00 
2024-07-24 23:43:36.5092 INFO  [6] KintaiAuto.Controllers.HomeController - 2024/07/10 0:00:00 
2024-07-24 23:43:36.6136 INFO  [6] KintaiAuto.Controllers.HomeController - 2024/07/11 0:00:00 
2024-07-24 23:43:36.7223 INFO  [6] KintaiAuto.Controllers.HomeController - 2024/07/12 0:00:00 
2024-07-24 23:43:36.8310 INFO  [6] KintaiAuto.Controllers.HomeController - 2024/07/13 0:00:00 
2024-07-24 23:43:36.9011 INFO  [6] KintaiAuto.Controllers.HomeController - 2024/07/14 0:00:00 
2024-07-24 23:43:36.9715 INFO  [6] KintaiAuto.Controllers.HomeController - 2024/07/15 0:00:00 
2024-07-24 23:43:37.0398 INFO  [6] KintaiAuto.Controllers.HomeController - 2024/07/16 0:00:00 
2024-07-24 23:43:37.1464 INFO  [6] KintaiAuto.Controllers.HomeController - 2024/07/17 0:00:00 
2024-07-24 23:43:37.2595 INFO  [6] KintaiAuto.Controllers.HomeController - 2024/07/18 0:00:00 
2024-07-24 23:43:37.3710 INFO  [6] KintaiAuto.Controllers.HomeController - 2024/07/19 0:00:00 
2024-07-24 23:43:37.4897 INFO  [6] KintaiAuto.Controllers.HomeController - 2024/07/20 0:00:00 
2024-07-24 23:43:37.5614 INFO  [6] KintaiAuto.Controllers.HomeController - 2024/07/21 0:00:00 
2024-07-24 23:43:37.6347 INFO  [6] KintaiAuto.Controllers.HomeController - 2024/07/22 0:00:00 
2024-07-24 23:43:37.7473 INFO  [6] KintaiAuto.Controllers.HomeController - 2024/07/23 0:00:00 
2024-07-24 23:43:37.8585 INFO  [6] KintaiAuto.Controllers.HomeController - 2024/07/24 0:00:00 
2024-07-24 23:43:37.9704 INFO  [6] KintaiAuto.Controllers.HomeController - 2024/07/25 0:00:00 
2024-07-24 23:43:38.0818 INFO  [6] KintaiAuto.Controllers.HomeController - 2024/07/26 0:00:00 
2024-07-24 23:43:38.1579 INFO  [6] KintaiAuto.Controllers.HomeController - 2024/07/27 0:00:00 
2024-07-24 23:43:38.2315 INFO  [6] KintaiAuto.Controllers.HomeController - 2024/07/28 0:00:00 
2024-07-24 23:43:38.3113 INFO  [6] KintaiAuto.Controllers.HomeController - 2024/07/29 0:00:00 
2024-07-24 23:43:38.3807 INFO  [6] KintaiAuto.Controllers.HomeController - 2024/07/30 0:00:00 
2024-07-24 23:43:38.4522 INFO  [6] KintaiAuto.Controllers.HomeController - 2024/07/31 0:00:00 
2024-07-24 23:43:38.5478 INFO  [6] KintaiAuto.Controllers.HomeController - 31 
2024-07-24 23:44:08.8770 INFO  [20] KintaiAuto.Controllers.HomeController - 楽楽清算ログイン成功 
2024-07-24 23:44:09.0524 INFO  [20] KintaiAuto.Controllers.HomeController - 楽楽清算-一時保存 
2024-07-24 23:44:09.4190 INFO  [20] KintaiAuto.Controllers.HomeController - 楽楽清算-通勤費画面 
2024-07-24 23:44:20.0453 INFO  [20] KintaiAuto.Controllers.HomeController - 電車（国内） / 柚須 ＞ 博多 
2024-07-24 23:44:22.2876 INFO  [20] KintaiAuto.Controllers.HomeController - recoluログイン成功 
2024-07-24 23:44:22.7845 INFO  [20] KintaiAuto.Controllers.HomeController - 32 
2024-07-24 23:44:22.8275 INFO  [20] KintaiAuto.Controllers.HomeController - 2024/07/01 0:00:00 
2024-07-24 23:44:22.9525 INFO  [20] KintaiAuto.Controllers.HomeController - 2024/07/02 0:00:00 
2024-07-24 23:44:23.0652 INFO  [20] KintaiAuto.Controllers.HomeController - 2024/07/03 0:00:00 
2024-07-24 23:44:23.1758 INFO  [20] KintaiAuto.Controllers.HomeController - 2024/07/04 0:00:00 
2024-07-24 23:44:23.2828 INFO  [20] KintaiAuto.Controllers.HomeController - 2024/07/05 0:00:00 
2024-07-24 23:44:23.3950 INFO  [20] KintaiAuto.Controllers.HomeController - 2024/07/06 0:00:00 
2024-07-24 23:44:23.4655 INFO  [20] KintaiAuto.Controllers.HomeController - 2024/07/07 0:00:00 
2024-07-24 23:44:23.5360 INFO  [20] KintaiAuto.Controllers.HomeController - 2024/07/08 0:00:00 
2024-07-24 23:44:23.6412 INFO  [20] KintaiAuto.Controllers.HomeController - 2024/07/09 0:00:00 
2024-07-24 23:44:23.7470 INFO  [20] KintaiAuto.Controllers.HomeController - 2024/07/10 0:00:00 
2024-07-24 23:44:23.8519 INFO  [20] KintaiAuto.Controllers.HomeController - 2024/07/11 0:00:00 
2024-07-24 23:44:23.9549 INFO  [20] KintaiAuto.Controllers.HomeController - 2024/07/12 0:00:00 
2024-07-24 23:44:24.0604 INFO  [20] KintaiAuto.Controllers.HomeController - 2024/07/13 0:00:00 
2024-07-24 23:44:24.1304 INFO  [20] KintaiAuto.Controllers.HomeController - 2024/07/14 0:00:00 
2024-07-24 23:44:24.2003 INFO  [20] KintaiAuto.Controllers.HomeController - 2024/07/15 0:00:00 
2024-07-24 23:44:24.2725 INFO  [20] KintaiAuto.Controllers.HomeController - 2024/07/16 0:00:00 
2024-07-24 23:44:24.3795 INFO  [20] KintaiAuto.Controllers.HomeController - 2024/07/17 0:00:00 
2024-07-24 23:44:24.4851 INFO  [20] KintaiAuto.Controllers.HomeController - 2024/07/18 0:00:00 
2024-07-24 23:44:24.5900 INFO  [20] KintaiAuto.Controllers.HomeController - 2024/07/19 0:00:00 
2024-07-24 23:44:24.7036 INFO  [20] KintaiAuto.Controllers.HomeController - 2024/07/20 0:00:00 
2024-07-24 23:44:24.7763 INFO  [20] KintaiAuto.Controllers.HomeController - 2024/07/21 0:00:00 
2024-07-24 23:44:24.8539 INFO  [20] KintaiAuto.Controllers.HomeController - 2024/07/22 0:00:00 
2024-07-24 23:44:24.9612 INFO  [20] KintaiAuto.Controllers.HomeController - 2024/07/23 0:00:00 
2024-07-24 23:44:25.0722 INFO  [20] KintaiAuto.Controllers.HomeController - 2024/07/24 0:00:00 
2024-07-24 23:44:25.1862 INFO  [20] KintaiAuto.Controllers.HomeController - 2024/07/25 0:00:00 
2024-07-24 23:44:25.2996 INFO  [20] KintaiAuto.Controllers.HomeController - 2024/07/26 0:00:00 
2024-07-24 23:44:25.3758 INFO  [20] KintaiAuto.Controllers.HomeController - 2024/07/27 0:00:00 
2024-07-24 23:44:25.4501 INFO  [20] KintaiAuto.Controllers.HomeController - 2024/07/28 0:00:00 
2024-07-24 23:44:25.5236 INFO  [20] KintaiAuto.Controllers.HomeController - 2024/07/29 0:00:00 
2024-07-24 23:44:25.5927 INFO  [20] KintaiAuto.Controllers.HomeController - 2024/07/30 0:00:00 
2024-07-24 23:44:25.6650 INFO  [20] KintaiAuto.Controllers.HomeController - 2024/07/31 0:00:00 
2024-07-24 23:44:25.7593 INFO  [20] KintaiAuto.Controllers.HomeController - 31 
2024-07-24 23:44:55.2500 INFO  [37] KintaiAuto.Controllers.HomeController - 楽楽清算ログイン成功 
2024-07-24 23:44:55.4159 INFO  [37] KintaiAuto.Controllers.HomeController - 楽楽清算-一時保存 
2024-07-24 23:44:55.9737 INFO  [37] KintaiAuto.Controllers.HomeController - 楽楽清算-通勤費画面 
2024-07-24 23:46:21.1352 ERROR [37] KintaiAuto.Controllers.HomeController -    at System.Collections.Generic.List`1.get_Item(Int32 index)
   at System.Collections.ObjectModel.ReadOnlyCollection`1.get_Item(Int32 index)
   at KintaiAuto.Controllers.HomeController.<>c.<rakuPtn>b__16_31(IWebDriver drv) in D:\work\Kintai_Auto\KintaiAuto\Controllers\HomeController.cs:line 526
   at OpenQA.Selenium.Support.UI.DefaultWait`1.Until[TResult](Func`2 condition, CancellationToken token)
   at OpenQA.Selenium.Support.UI.DefaultWait`1.Until[TResult](Func`2 condition)
   at KintaiAuto.Controllers.HomeController.rakuPtn(KintaiView model) in D:\work\Kintai_Auto\KintaiAuto\Controllers\HomeController.cs:line 526 
2024-07-24 23:47:03.9830 INFO  [69] KintaiAuto.Controllers.HomeController - 楽楽清算ログイン成功 
2024-07-24 23:47:04.1543 INFO  [69] KintaiAuto.Controllers.HomeController - 楽楽清算-一時保存 
2024-07-24 23:47:04.5550 INFO  [69] KintaiAuto.Controllers.HomeController - 楽楽清算-通勤費画面 
2024-07-24 23:47:24.0124 INFO  [9] KintaiAuto.Controllers.HomeController - ログイン情報読込 
2024-07-24 23:47:24.0851 INFO  [9] KintaiAuto.Controllers.HomeController - oyama.shota@alhinc.jp 
2024-07-24 23:47:27.1587 INFO  [9] KintaiAuto.Controllers.HomeController - 楽楽清算ログイン成功 
2024-07-24 23:47:27.3451 INFO  [9] KintaiAuto.Controllers.HomeController - 楽楽清算-一時保存 
2024-07-24 23:47:27.7281 INFO  [9] KintaiAuto.Controllers.HomeController - 楽楽清算-通勤費画面 
2024-07-24 23:47:42.3918 INFO  [9] KintaiAuto.Controllers.HomeController - 電車（国内） / 柚須 ＞ 博多 
2024-07-24 23:47:44.7808 INFO  [9] KintaiAuto.Controllers.HomeController - recoluログイン成功 
2024-07-24 23:47:45.2766 INFO  [9] KintaiAuto.Controllers.HomeController - 32 
2024-07-24 23:47:45.5673 INFO  [9] KintaiAuto.Controllers.HomeController - 2024/07/01 0:00:00 
2024-07-24 23:47:45.6911 INFO  [9] KintaiAuto.Controllers.HomeController - 2024/07/02 0:00:00 
2024-07-24 23:47:45.8043 INFO  [9] KintaiAuto.Controllers.HomeController - 2024/07/03 0:00:00 
2024-07-24 23:47:45.9174 INFO  [9] KintaiAuto.Controllers.HomeController - 2024/07/04 0:00:00 
2024-07-24 23:47:46.0261 INFO  [9] KintaiAuto.Controllers.HomeController - 2024/07/05 0:00:00 
2024-07-24 23:47:46.1362 INFO  [9] KintaiAuto.Controllers.HomeController - 2024/07/06 0:00:00 
2024-07-24 23:47:46.2084 INFO  [9] KintaiAuto.Controllers.HomeController - 2024/07/07 0:00:00 
2024-07-24 23:47:46.2861 INFO  [9] KintaiAuto.Controllers.HomeController - 2024/07/08 0:00:00 
2024-07-24 23:47:46.3902 INFO  [9] KintaiAuto.Controllers.HomeController - 2024/07/09 0:00:00 
2024-07-24 23:47:46.4977 INFO  [9] KintaiAuto.Controllers.HomeController - 2024/07/10 0:00:00 
2024-07-24 23:47:46.6035 INFO  [9] KintaiAuto.Controllers.HomeController - 2024/07/11 0:00:00 
2024-07-24 23:47:46.7086 INFO  [9] KintaiAuto.Controllers.HomeController - 2024/07/12 0:00:00 
2024-07-24 23:47:46.8160 INFO  [9] KintaiAuto.Controllers.HomeController - 2024/07/13 0:00:00 
2024-07-24 23:47:46.8890 INFO  [9] KintaiAuto.Controllers.HomeController - 2024/07/14 0:00:00 
2024-07-24 23:47:46.9631 INFO  [9] KintaiAuto.Controllers.HomeController - 2024/07/15 0:00:00 
2024-07-24 23:47:47.0361 INFO  [9] KintaiAuto.Controllers.HomeController - 2024/07/16 0:00:00 
2024-07-24 23:47:47.1478 INFO  [9] KintaiAuto.Controllers.HomeController - 2024/07/17 0:00:00 
2024-07-24 23:47:47.2586 INFO  [9] KintaiAuto.Controllers.HomeController - 2024/07/18 0:00:00 
2024-07-24 23:47:47.3716 INFO  [9] KintaiAuto.Controllers.HomeController - 2024/07/19 0:00:00 
2024-07-24 23:47:47.4855 INFO  [9] KintaiAuto.Controllers.HomeController - 2024/07/20 0:00:00 
2024-07-24 23:47:47.5614 INFO  [9] KintaiAuto.Controllers.HomeController - 2024/07/21 0:00:00 
2024-07-24 23:47:47.6413 INFO  [9] KintaiAuto.Controllers.HomeController - 2024/07/22 0:00:00 
2024-07-24 23:47:47.7524 INFO  [9] KintaiAuto.Controllers.HomeController - 2024/07/23 0:00:00 
2024-07-24 23:47:47.8607 INFO  [9] KintaiAuto.Controllers.HomeController - 2024/07/24 0:00:00 
2024-07-24 23:47:47.9666 INFO  [9] KintaiAuto.Controllers.HomeController - 2024/07/25 0:00:00 
2024-07-24 23:47:48.0802 INFO  [9] KintaiAuto.Controllers.HomeController - 2024/07/26 0:00:00 
2024-07-24 23:47:48.1518 INFO  [9] KintaiAuto.Controllers.HomeController - 2024/07/27 0:00:00 
2024-07-24 23:47:48.2212 INFO  [9] KintaiAuto.Controllers.HomeController - 2024/07/28 0:00:00 
2024-07-24 23:47:48.2965 INFO  [9] KintaiAuto.Controllers.HomeController - 2024/07/29 0:00:00 
2024-07-24 23:47:48.3673 INFO  [9] KintaiAuto.Controllers.HomeController - 2024/07/30 0:00:00 
2024-07-24 23:47:48.4404 INFO  [9] KintaiAuto.Controllers.HomeController - 2024/07/31 0:00:00 
2024-07-24 23:47:48.5304 INFO  [9] KintaiAuto.Controllers.HomeController - 31 
2024-07-24 23:47:56.5814 INFO  [8] KintaiAuto.Controllers.HomeController - 楽楽清算ログイン成功 
2024-07-24 23:47:56.7450 INFO  [8] KintaiAuto.Controllers.HomeController - 楽楽清算-一時保存 
2024-07-24 23:47:57.7413 INFO  [8] KintaiAuto.Controllers.HomeController - 楽楽清算-通勤費画面 
2024-07-24 23:55:02.5497 INFO  [9] KintaiAuto.Controllers.HomeController - ログイン情報読込 
2024-07-24 23:55:02.6106 INFO  [9] KintaiAuto.Controllers.HomeController - oyama.shota@alhinc.jp 
2024-07-24 23:55:05.6310 INFO  [9] KintaiAuto.Controllers.HomeController - 楽楽清算ログイン成功 
2024-07-24 23:55:05.8086 INFO  [9] KintaiAuto.Controllers.HomeController - 楽楽清算-一時保存 
2024-07-24 23:55:06.1261 INFO  [9] KintaiAuto.Controllers.HomeController - 楽楽清算-通勤費画面 
2024-07-24 23:55:08.1443 INFO  [9] KintaiAuto.Controllers.HomeController - 電車（国内） / 柚須 ＞ 博多 
2024-07-24 23:55:10.5635 INFO  [9] KintaiAuto.Controllers.HomeController - recoluログイン成功 
2024-07-24 23:55:11.0593 INFO  [9] KintaiAuto.Controllers.HomeController - 32 
2024-07-24 23:55:11.3736 INFO  [9] KintaiAuto.Controllers.HomeController - 2024/07/01 0:00:00 
2024-07-24 23:55:11.4901 INFO  [9] KintaiAuto.Controllers.HomeController - 2024/07/02 0:00:00 
2024-07-24 23:55:11.5972 INFO  [9] KintaiAuto.Controllers.HomeController - 2024/07/03 0:00:00 
2024-07-24 23:55:11.7021 INFO  [9] KintaiAuto.Controllers.HomeController - 2024/07/04 0:00:00 
2024-07-24 23:55:11.8131 INFO  [9] KintaiAuto.Controllers.HomeController - 2024/07/05 0:00:00 
2024-07-24 23:55:11.9314 INFO  [9] KintaiAuto.Controllers.HomeController - 2024/07/06 0:00:00 
2024-07-24 23:55:12.0037 INFO  [9] KintaiAuto.Controllers.HomeController - 2024/07/07 0:00:00 
2024-07-24 23:55:12.0761 INFO  [9] KintaiAuto.Controllers.HomeController - 2024/07/08 0:00:00 
2024-07-24 23:55:12.1808 INFO  [9] KintaiAuto.Controllers.HomeController - 2024/07/09 0:00:00 
2024-07-24 23:55:12.3010 INFO  [9] KintaiAuto.Controllers.HomeController - 2024/07/10 0:00:00 
2024-07-24 23:55:12.4086 INFO  [9] KintaiAuto.Controllers.HomeController - 2024/07/11 0:00:00 
2024-07-24 23:55:12.5185 INFO  [9] KintaiAuto.Controllers.HomeController - 2024/07/12 0:00:00 
2024-07-24 23:55:12.6319 INFO  [9] KintaiAuto.Controllers.HomeController - 2024/07/13 0:00:00 
2024-07-24 23:55:12.7293 INFO  [9] KintaiAuto.Controllers.HomeController - 2024/07/14 0:00:00 
2024-07-24 23:55:12.8063 INFO  [9] KintaiAuto.Controllers.HomeController - 2024/07/15 0:00:00 
2024-07-24 23:55:12.9183 INFO  [9] KintaiAuto.Controllers.HomeController - 2024/07/16 0:00:00 
2024-07-24 23:55:13.0382 INFO  [9] KintaiAuto.Controllers.HomeController - 2024/07/17 0:00:00 
2024-07-24 23:55:13.1593 INFO  [9] KintaiAuto.Controllers.HomeController - 2024/07/18 0:00:00 
2024-07-24 23:55:13.2799 INFO  [9] KintaiAuto.Controllers.HomeController - 2024/07/19 0:00:00 
2024-07-24 23:55:13.4162 INFO  [9] KintaiAuto.Controllers.HomeController - 2024/07/20 0:00:00 
2024-07-24 23:55:13.4982 INFO  [9] KintaiAuto.Controllers.HomeController - 2024/07/21 0:00:00 
2024-07-24 23:55:13.5799 INFO  [9] KintaiAuto.Controllers.HomeController - 2024/07/22 0:00:00 
2024-07-24 23:55:13.6858 INFO  [9] KintaiAuto.Controllers.HomeController - 2024/07/23 0:00:00 
2024-07-24 23:55:13.8248 INFO  [9] KintaiAuto.Controllers.HomeController - 2024/07/24 0:00:00 
2024-07-24 23:55:13.9326 INFO  [9] KintaiAuto.Controllers.HomeController - 2024/07/25 0:00:00 
2024-07-24 23:55:14.0413 INFO  [9] KintaiAuto.Controllers.HomeController - 2024/07/26 0:00:00 
2024-07-24 23:55:14.1117 INFO  [9] KintaiAuto.Controllers.HomeController - 2024/07/27 0:00:00 
2024-07-24 23:55:14.1868 INFO  [9] KintaiAuto.Controllers.HomeController - 2024/07/28 0:00:00 
2024-07-24 23:55:14.2579 INFO  [9] KintaiAuto.Controllers.HomeController - 2024/07/29 0:00:00 
2024-07-24 23:55:14.3305 INFO  [9] KintaiAuto.Controllers.HomeController - 2024/07/30 0:00:00 
2024-07-24 23:55:14.4036 INFO  [9] KintaiAuto.Controllers.HomeController - 2024/07/31 0:00:00 
2024-07-24 23:55:14.4953 INFO  [9] KintaiAuto.Controllers.HomeController - 31 
2024-07-24 23:55:48.8233 INFO  [20] KintaiAuto.Controllers.HomeController - 楽楽清算ログイン成功 
2024-07-24 23:55:48.9898 INFO  [20] KintaiAuto.Controllers.HomeController - 楽楽清算-一時保存 
2024-07-24 23:55:49.3651 INFO  [20] KintaiAuto.Controllers.HomeController - 楽楽清算-通勤費画面 
2024-07-24 23:55:51.2510 INFO  [20] KintaiAuto.Controllers.HomeController - 電車（国内） / 柚須 ＞ 博多 
2024-07-24 23:55:53.5370 INFO  [20] KintaiAuto.Controllers.HomeController - recoluログイン成功 
2024-07-24 23:55:54.0675 INFO  [20] KintaiAuto.Controllers.HomeController - 32 
2024-07-24 23:55:54.1121 INFO  [20] KintaiAuto.Controllers.HomeController - 2024/07/01 0:00:00 
2024-07-24 23:55:54.2366 INFO  [20] KintaiAuto.Controllers.HomeController - 2024/07/02 0:00:00 
2024-07-24 23:55:54.3492 INFO  [20] KintaiAuto.Controllers.HomeController - 2024/07/03 0:00:00 
2024-07-24 23:55:54.4566 INFO  [20] KintaiAuto.Controllers.HomeController - 2024/07/04 0:00:00 
2024-07-24 23:55:54.5608 INFO  [20] KintaiAuto.Controllers.HomeController - 2024/07/05 0:00:00 
2024-07-24 23:55:54.6727 INFO  [20] KintaiAuto.Controllers.HomeController - 2024/07/06 0:00:00 
2024-07-24 23:55:54.7447 INFO  [20] KintaiAuto.Controllers.HomeController - 2024/07/07 0:00:00 
2024-07-24 23:55:54.8153 INFO  [20] KintaiAuto.Controllers.HomeController - 2024/07/08 0:00:00 
2024-07-24 23:55:54.9202 INFO  [20] KintaiAuto.Controllers.HomeController - 2024/07/09 0:00:00 
2024-07-24 23:55:55.0277 INFO  [20] KintaiAuto.Controllers.HomeController - 2024/07/10 0:00:00 
2024-07-24 23:55:55.1344 INFO  [20] KintaiAuto.Controllers.HomeController - 2024/07/11 0:00:00 
2024-07-24 23:55:55.2399 INFO  [20] KintaiAuto.Controllers.HomeController - 2024/07/12 0:00:00 
2024-07-24 23:55:55.3452 INFO  [20] KintaiAuto.Controllers.HomeController - 2024/07/13 0:00:00 
2024-07-24 23:55:55.4164 INFO  [20] KintaiAuto.Controllers.HomeController - 2024/07/14 0:00:00 
2024-07-24 23:55:55.4846 INFO  [20] KintaiAuto.Controllers.HomeController - 2024/07/15 0:00:00 
2024-07-24 23:55:55.5533 INFO  [20] KintaiAuto.Controllers.HomeController - 2024/07/16 0:00:00 
2024-07-24 23:55:55.6588 INFO  [20] KintaiAuto.Controllers.HomeController - 2024/07/17 0:00:00 
2024-07-24 23:55:55.7624 INFO  [20] KintaiAuto.Controllers.HomeController - 2024/07/18 0:00:00 
2024-07-24 23:55:55.8657 INFO  [20] KintaiAuto.Controllers.HomeController - 2024/07/19 0:00:00 
2024-07-24 23:55:55.9736 INFO  [20] KintaiAuto.Controllers.HomeController - 2024/07/20 0:00:00 
2024-07-24 23:55:56.0453 INFO  [20] KintaiAuto.Controllers.HomeController - 2024/07/21 0:00:00 
2024-07-24 23:55:56.1128 INFO  [20] KintaiAuto.Controllers.HomeController - 2024/07/22 0:00:00 
2024-07-24 23:55:56.2172 INFO  [20] KintaiAuto.Controllers.HomeController - 2024/07/23 0:00:00 
2024-07-24 23:55:56.3263 INFO  [20] KintaiAuto.Controllers.HomeController - 2024/07/24 0:00:00 
2024-07-24 23:55:56.4303 INFO  [20] KintaiAuto.Controllers.HomeController - 2024/07/25 0:00:00 
2024-07-24 23:55:56.5370 INFO  [20] KintaiAuto.Controllers.HomeController - 2024/07/26 0:00:00 
2024-07-24 23:55:56.6142 INFO  [20] KintaiAuto.Controllers.HomeController - 2024/07/27 0:00:00 
2024-07-24 23:55:56.6952 INFO  [20] KintaiAuto.Controllers.HomeController - 2024/07/28 0:00:00 
2024-07-24 23:55:56.7738 INFO  [20] KintaiAuto.Controllers.HomeController - 2024/07/29 0:00:00 
2024-07-24 23:55:56.8564 INFO  [20] KintaiAuto.Controllers.HomeController - 2024/07/30 0:00:00 
2024-07-24 23:55:56.9334 INFO  [20] KintaiAuto.Controllers.HomeController - 2024/07/31 0:00:00 
2024-07-24 23:55:57.0300 INFO  [20] KintaiAuto.Controllers.HomeController - 31 
2024-07-24 23:56:10.0290 INFO  [25] KintaiAuto.Controllers.HomeController - 楽楽清算ログイン成功 
2024-07-24 23:56:10.1968 INFO  [25] KintaiAuto.Controllers.HomeController - 楽楽清算-一時保存 
2024-07-24 23:56:10.5514 INFO  [25] KintaiAuto.Controllers.HomeController - 楽楽清算-通勤費画面 
